2025-07-19 03:11:04.570 | INFO     | __init__                       | ================================================================================
2025-07-19 03:11:04.571 | INFO     | __init__                       | TE-AI RUN INITIALIZED: 20250719_031104
2025-07-19 03:11:04.571 | INFO     | __init__                       | Log file: logs/te_ai_run_20250719_031104.log
2025-07-19 03:11:04.571 | INFO     | __init__                       | Max file size: 50.0 MB
2025-07-19 03:11:04.571 | INFO     | __init__                       | Backup files: 10
2025-07-19 03:11:04.571 | INFO     | __init__                       | ================================================================================
2025-07-19 03:11:04.571 | INFO     | _log_system_info               | SYSTEM INFORMATION:
2025-07-19 03:11:04.571 | INFO     | _log_system_info               |   Python version: 3.12.8 | packaged by Anaconda, Inc. | (main, Dec 11 2024, 16:31:09) [GCC 11.2.0]
2025-07-19 03:11:04.571 | INFO     | _log_system_info               |   PyTorch version: 2.7.1+cu126
2025-07-19 03:11:04.572 | INFO     | _log_system_info               |   CUDA available: True
2025-07-19 03:11:04.600 | INFO     | _log_system_info               |   CUDA device: NVIDIA GeForce RTX 3090
2025-07-19 03:11:04.600 | INFO     | _log_system_info               |   CUDA memory: 25.77 GB
2025-07-19 03:11:04.600 | INFO     | _log_system_info               | --------------------------------------------------------------------------------
2025-07-19 03:11:46.925 | INFO     | info                           | üèùÔ∏è  Initializing Specialist Archipelago with 5 islands:
2025-07-19 03:11:46.926 | INFO     | info                           |    üß™ Creating Island 'SCIENTIST (Accuracy-focused)' on device cuda:0...
2025-07-19 03:11:46.944 | INFO     | info                           | Hall of Fame initialized with champion: None and fitness: -inf
2025-07-19 03:11:47.126 | INFO     | info                           | GPU Memory: 0.00/24.00 GB (0.0%)
2025-07-19 03:11:47.126 | INFO     | info                           | 
üß¨ Initializing production population with 64 cells...
2025-07-19 03:11:47.126 | INFO     | info                           |    Creating 12 dedicated stem cells...
2025-07-19 03:11:47.479 | INFO     | info                           |    Creating 52 mixed-type cells...
2025-07-19 03:11:47.566 | INFO     | info                           |    ‚ú®‚ú® A Quantum Gene has emerged!  ‚ú®‚ú®
2025-07-19 03:11:47.600 | INFO     | info                           |    ‚ú®‚ú® A Quantum Gene has emerged!  ‚ú®‚ú®
2025-07-19 03:11:48.007 | INFO     | info                           |    ‚ú®‚ú® A Quantum Gene has emerged!  ‚ú®‚ú®
2025-07-19 03:11:48.271 | INFO     | info                           |    ‚ú®‚ú® A Quantum Gene has emerged!  ‚ú®‚ú®
2025-07-19 03:11:48.330 | INFO     | info                           |    ‚ú®‚ú® A Quantum Gene has emerged!  ‚ú®‚ú®
2025-07-19 03:11:48.365 | INFO     | info                           |    ‚ú®‚ú® A Quantum Gene has emerged!  ‚ú®‚ú®
2025-07-19 03:11:48.395 | INFO     | info                           |    ‚ú®‚ú® A Quantum Gene has emerged!  ‚ú®‚ú®
2025-07-19 03:11:48.511 | INFO     | info                           |    ‚ú®‚ú® A Quantum Gene has emerged!  ‚ú®‚ú®
2025-07-19 03:11:49.066 | INFO     | info                           |    Created 50/52 mixed cells...
2025-07-19 03:11:49.121 | INFO     | info                           | ‚úÖ‚úÖ  Population initialized with 64 cells (12 stem cells + 52 mixed)  ‚úÖ‚úÖ 
2025-07-19 03:11:49.139 | INFO     | info                           |    ‚ö° Creating Island 'ENGINEER (Speed-focused)' on device cuda:0...
2025-07-19 03:11:49.139 | INFO     | info                           | Hall of Fame initialized with champion: None and fitness: -inf
2025-07-19 03:11:49.145 | INFO     | info                           | GPU Memory: 1.77/24.00 GB (7.4%)
2025-07-19 03:11:49.145 | INFO     | info                           | 
üß¨ Initializing production population with 64 cells...
2025-07-19 03:11:49.145 | INFO     | info                           |    Creating 12 dedicated stem cells...
2025-07-19 03:11:49.462 | INFO     | info                           |    Creating 52 mixed-type cells...
2025-07-19 03:11:49.543 | INFO     | info                           |    ‚ú®‚ú® A Quantum Gene has emerged!  ‚ú®‚ú®
2025-07-19 03:11:49.574 | INFO     | info                           |    ‚ú®‚ú® A Quantum Gene has emerged!  ‚ú®‚ú®
2025-07-19 03:11:49.973 | INFO     | info                           |    ‚ú®‚ú® A Quantum Gene has emerged!  ‚ú®‚ú®
2025-07-19 03:11:50.213 | INFO     | info                           |    ‚ú®‚ú® A Quantum Gene has emerged!  ‚ú®‚ú®
2025-07-19 03:11:50.272 | INFO     | info                           |    ‚ú®‚ú® A Quantum Gene has emerged!  ‚ú®‚ú®
2025-07-19 03:11:50.303 | INFO     | info                           |    ‚ú®‚ú® A Quantum Gene has emerged!  ‚ú®‚ú®
2025-07-19 03:11:50.331 | INFO     | info                           |    ‚ú®‚ú® A Quantum Gene has emerged!  ‚ú®‚ú®
2025-07-19 03:11:50.444 | INFO     | info                           |    ‚ú®‚ú® A Quantum Gene has emerged!  ‚ú®‚ú®
2025-07-19 03:11:50.840 | INFO     | info                           |    Created 50/52 mixed cells...
2025-07-19 03:11:50.897 | INFO     | info                           | ‚úÖ‚úÖ  Population initialized with 64 cells (12 stem cells + 52 mixed)  ‚úÖ‚úÖ 
2025-07-19 03:11:50.898 | INFO     | info                           |    üèùÔ∏è Creating Island 'CONSTRAINED' on device cuda:0...
2025-07-19 03:11:50.898 | INFO     | info                           | Hall of Fame initialized with champion: None and fitness: -inf
2025-07-19 03:11:50.905 | INFO     | info                           | GPU Memory: 3.54/24.00 GB (14.8%)
2025-07-19 03:11:50.905 | INFO     | info                           | 
üß¨ Initializing production population with 64 cells...
2025-07-19 03:11:50.905 | INFO     | info                           |    Creating 12 dedicated stem cells...
2025-07-19 03:11:51.248 | INFO     | info                           |    Creating 52 mixed-type cells...
2025-07-19 03:11:51.341 | INFO     | info                           |    ‚ú®‚ú® A Quantum Gene has emerged!  ‚ú®‚ú®
2025-07-19 03:11:51.505 | INFO     | info                           |    ‚ú®‚ú® A Quantum Gene has emerged!  ‚ú®‚ú®
2025-07-19 03:11:51.531 | INFO     | info                           |    ‚ú®‚ú® A Quantum Gene has emerged!  ‚ú®‚ú®
2025-07-19 03:11:51.730 | INFO     | info                           |    ‚ú®‚ú® A Quantum Gene has emerged!  ‚ú®‚ú®
2025-07-19 03:11:51.905 | INFO     | info                           |    ‚ú®‚ú® A Quantum Gene has emerged!  ‚ú®‚ú®
2025-07-19 03:11:51.938 | INFO     | info                           |    ‚ú®‚ú® A Quantum Gene has emerged!  ‚ú®‚ú®
2025-07-19 03:11:52.761 | INFO     | info                           |    ‚ú®‚ú® A Quantum Gene has emerged!  ‚ú®‚ú®
2025-07-19 03:11:52.831 | INFO     | info                           |    ‚ú®‚ú® A Quantum Gene has emerged!  ‚ú®‚ú®
2025-07-19 03:11:52.895 | INFO     | info                           |    Created 50/52 mixed cells...
2025-07-19 03:11:52.953 | INFO     | info                           | ‚úÖ‚úÖ  Population initialized with 64 cells (12 stem cells + 52 mixed)  ‚úÖ‚úÖ 
2025-07-19 03:11:52.953 | INFO     | info                           |    üèùÔ∏è Creating Island 'NOVELTY' on device cuda:0...
2025-07-19 03:11:52.954 | INFO     | info                           | Hall of Fame initialized with champion: None and fitness: -inf
2025-07-19 03:11:52.961 | INFO     | info                           | GPU Memory: 5.31/24.00 GB (22.1%)
2025-07-19 03:11:52.962 | INFO     | info                           | 
üß¨ Initializing production population with 64 cells...
2025-07-19 03:11:52.962 | INFO     | info                           |    Creating 12 dedicated stem cells...
2025-07-19 03:11:53.323 | INFO     | info                           |    Creating 52 mixed-type cells...
2025-07-19 03:11:53.325 | INFO     | info                           |    ‚ú®‚ú® A Quantum Gene has emerged!  ‚ú®‚ú®
2025-07-19 03:11:53.557 | INFO     | info                           |    ‚ú®‚ú® A Quantum Gene has emerged!  ‚ú®‚ú®
2025-07-19 03:11:53.764 | INFO     | info                           |    ‚ú®‚ú® A Quantum Gene has emerged!  ‚ú®‚ú®
2025-07-19 03:11:53.799 | INFO     | info                           |    ‚ú®‚ú® A Quantum Gene has emerged!  ‚ú®‚ú®
2025-07-19 03:11:54.060 | INFO     | info                           |    ‚ú®‚ú® A Quantum Gene has emerged!  ‚ú®‚ú®
2025-07-19 03:11:54.631 | INFO     | info                           |    ‚ú®‚ú® A Quantum Gene has emerged!  ‚ú®‚ú®
2025-07-19 03:11:55.122 | INFO     | info                           |    Created 50/52 mixed cells...
2025-07-19 03:11:55.203 | INFO     | info                           | ‚úÖ‚úÖ  Population initialized with 64 cells (12 stem cells + 52 mixed)  ‚úÖ‚úÖ 
2025-07-19 03:11:55.203 | INFO     | info                           |    üèùÔ∏è Creating Island 'ROBUSTNESS' on device cuda:1...
2025-07-19 03:11:55.203 | INFO     | info                           | Hall of Fame initialized with champion: None and fitness: -inf
2025-07-19 03:11:55.213 | INFO     | info                           | GPU Memory: 7.08/24.00 GB (29.5%)
2025-07-19 03:11:55.213 | INFO     | info                           | 
üß¨ Initializing production population with 64 cells...
2025-07-19 03:11:55.213 | INFO     | info                           |    Creating 12 dedicated stem cells...
2025-07-19 03:11:55.669 | INFO     | info                           |    Creating 52 mixed-type cells...
2025-07-19 03:11:56.414 | INFO     | info                           |    ‚ú®‚ú® A Quantum Gene has emerged!  ‚ú®‚ú®
2025-07-19 03:11:56.890 | INFO     | info                           |    ‚ú®‚ú® A Quantum Gene has emerged!  ‚ú®‚ú®
2025-07-19 03:11:57.003 | INFO     | info                           |    ‚ú®‚ú® A Quantum Gene has emerged!  ‚ú®‚ú®
2025-07-19 03:11:57.520 | INFO     | info                           |    ‚ú®‚ú® A Quantum Gene has emerged!  ‚ú®‚ú®
2025-07-19 03:11:57.793 | INFO     | info                           |    Created 50/52 mixed cells...
2025-07-19 03:11:57.877 | INFO     | info                           | ‚úÖ‚úÖ  Population initialized with 64 cells (12 stem cells + 52 mixed)  ‚úÖ‚úÖ 
2025-07-19 03:11:57.877 | INFO     | info                           | 
============================================================
2025-07-19 03:11:57.877 | INFO     | info                           | INITIALIZING NEW SYMBIOTIC SWARM TEST RUN
2025-07-19 03:11:57.877 | INFO     | info                           | ============================================================

2025-07-19 03:11:57.878 | INFO     | info                           | Loading 'bbbp' dataset...
2025-07-19 03:11:57.878 | INFO     | info                           | Loading bbbp from MoleculeNet...
2025-07-19 03:11:57.878 | INFO     | info                           | Successfully initialized RDKit MorganGenerator.
2025-07-19 03:11:57.878 | INFO     | info                           | Using RobustFeaturizer wrapping RDKit MorganGenerator.
2025-07-19 03:11:57.879 | INFO     | info                           | Using DeepChem data directory: deepchem_data
2025-07-19 03:11:57.879 | INFO     | info                           | Data directory exists: deepchem_data
2025-07-19 03:11:57.880 | WARNING  | warning                        | BBBP dataset directory not found: deepchem_data/bbbp
2025-07-19 03:11:57.905 | WARNING  | warning                        | Could not create a valid molecule from datapoint: 'O=N([O-])C1=C(CN=C1NCCSCc2ncccc2)Cc3ccccc3'. Returning zero vector.
2025-07-19 03:11:57.906 | WARNING  | warning                        | Could not create a valid molecule from datapoint: 'c1(nc(NC(N)=[NH2])sc1)CSCCNC(=[NH]C#N)NC'. Returning zero vector.
2025-07-19 03:11:57.953 | WARNING  | warning                        | Could not create a valid molecule from datapoint: 'Cc1nc(sc1)\[NH]=C(\N)N'. Returning zero vector.
2025-07-19 03:11:57.981 | WARNING  | warning                        | Could not create a valid molecule from datapoint: 's1cc(CSCCN\C(NC)=[NH]\C#N)nc1\[NH]=C(\N)N'. Returning zero vector.
2025-07-19 03:11:57.986 | WARNING  | warning                        | Could not create a valid molecule from datapoint: 'c1c(c(ncc1)CSCCN\C(=[NH]\C#N)NCC)Br'. Returning zero vector.
2025-07-19 03:11:57.986 | WARNING  | warning                        | Could not create a valid molecule from datapoint: 'n1c(csc1\[NH]=C(\N)N)c1ccccc1'. Returning zero vector.
2025-07-19 03:11:57.987 | WARNING  | warning                        | Could not create a valid molecule from datapoint: 'n1c(csc1\[NH]=C(\N)N)c1cccc(c1)N'. Returning zero vector.
2025-07-19 03:11:57.987 | WARNING  | warning                        | Could not create a valid molecule from datapoint: 'n1c(csc1\[NH]=C(\N)N)c1cccc(c1)NC(C)=O'. Returning zero vector.
2025-07-19 03:11:57.987 | WARNING  | warning                        | Could not create a valid molecule from datapoint: 'n1c(csc1\[NH]=C(\N)N)c1cccc(c1)N\C(NC)=[NH]\C#N'. Returning zero vector.
2025-07-19 03:11:57.988 | WARNING  | warning                        | Could not create a valid molecule from datapoint: 's1cc(nc1\[NH]=C(\N)N)C'. Returning zero vector.
2025-07-19 03:11:57.993 | WARNING  | warning                        | Could not create a valid molecule from datapoint: 'c1(cc(N\C(=[NH]\c2cccc(c2)CC)C)ccc1)CC'. Returning zero vector.
2025-07-19 03:11:58.232 | INFO     | info                           | Step 2: Filtering out invalid molecules before splitting...
2025-07-19 03:11:58.411 | WARNING  | warning                        | Removed 11 invalid SMILES strings before splitting.
2025-07-19 03:11:58.436 | INFO     | info                           | Step 3: Splitting the cleaned dataset...
2025-07-19 03:11:58.945 | INFO     | info                           | Step 5: Applying data transformations...
2025-07-19 03:11:58.961 | INFO     | info                           | Converting 1631 molecules from DeepChem
2025-07-19 03:12:09.257 | INFO     | info                           | Successfully converted 1631 molecules
2025-07-19 03:12:09.257 | INFO     | info                           | Converting 204 molecules from DeepChem
2025-07-19 03:12:09.642 | INFO     | info                           | Successfully converted 204 molecules
2025-07-19 03:12:09.643 | INFO     | info                           | Converting 204 molecules from DeepChem
2025-07-19 03:12:09.998 | INFO     | info                           | Successfully converted 204 molecules
2025-07-19 03:12:09.998 | INFO     | info                           | Successfully converted bbbp:
2025-07-19 03:12:09.998 | INFO     | info                           |   Train: 1631 antigens
2025-07-19 03:12:09.998 | INFO     | info                           |   Valid: 204 antigens
2025-07-19 03:12:09.998 | INFO     | info                           |   Test: 204 antigens
2025-07-19 03:12:09.999 | INFO     | info                           | Loaded 1631 training samples.
2025-07-19 03:12:09.999 | INFO     | info                           | üèùÔ∏è  Initializing Specialist Archipelago with 5 islands:
2025-07-19 03:12:10.000 | INFO     | info                           |    üß™ Creating Island 'SCIENTIST (Accuracy-focused)' on device cuda:0...
2025-07-19 03:12:10.000 | INFO     | info                           | Hall of Fame initialized with champion: None and fitness: -inf
2025-07-19 03:12:10.020 | INFO     | info                           | GPU Memory: 8.85/24.00 GB (36.9%)
2025-07-19 03:12:10.020 | INFO     | info                           | 
üß¨ Initializing production population with 64 cells...
2025-07-19 03:12:10.020 | INFO     | info                           |    Creating 12 dedicated stem cells...
2025-07-19 03:12:10.681 | INFO     | info                           |    Creating 52 mixed-type cells...
2025-07-19 03:12:11.242 | INFO     | info                           |    ‚ú®‚ú® A Quantum Gene has emerged!  ‚ú®‚ú®
2025-07-19 03:12:11.479 | INFO     | info                           |    ‚ú®‚ú® A Quantum Gene has emerged!  ‚ú®‚ú®
2025-07-19 03:12:11.878 | INFO     | info                           |    ‚ú®‚ú® A Quantum Gene has emerged!  ‚ú®‚ú®
2025-07-19 03:12:11.985 | INFO     | info                           |    ‚ú®‚ú® A Quantum Gene has emerged!  ‚ú®‚ú®
2025-07-19 03:12:12.181 | INFO     | info                           |    ‚ú®‚ú® A Quantum Gene has emerged!  ‚ú®‚ú®
2025-07-19 03:12:12.331 | INFO     | info                           |    ‚ú®‚ú® A Quantum Gene has emerged!  ‚ú®‚ú®
2025-07-19 03:12:13.047 | INFO     | info                           |    ‚ú®‚ú® A Quantum Gene has emerged!  ‚ú®‚ú®
2025-07-19 03:12:13.091 | INFO     | info                           |    ‚ú®‚ú® A Quantum Gene has emerged!  ‚ú®‚ú®
2025-07-19 03:12:13.181 | INFO     | info                           |    Created 50/52 mixed cells...
2025-07-19 03:12:13.284 | INFO     | info                           | ‚úÖ‚úÖ  Population initialized with 64 cells (12 stem cells + 52 mixed)  ‚úÖ‚úÖ 
2025-07-19 03:12:13.284 | INFO     | info                           |    ‚ö° Creating Island 'ENGINEER (Speed-focused)' on device cuda:0...
2025-07-19 03:12:13.284 | INFO     | info                           | Hall of Fame initialized with champion: None and fitness: -inf
2025-07-19 03:12:13.300 | INFO     | info                           | GPU Memory: 10.62/24.00 GB (44.3%)
2025-07-19 03:12:13.300 | INFO     | info                           | 
üß¨ Initializing production population with 64 cells...
2025-07-19 03:12:13.300 | INFO     | info                           |    Creating 12 dedicated stem cells...
2025-07-19 03:12:13.801 | INFO     | info                           |    Creating 52 mixed-type cells...
2025-07-19 03:12:13.882 | INFO     | info                           |    ‚ú®‚ú® A Quantum Gene has emerged!  ‚ú®‚ú®
2025-07-19 03:12:13.925 | INFO     | info                           |    ‚ú®‚ú® A Quantum Gene has emerged!  ‚ú®‚ú®
2025-07-19 03:12:14.388 | INFO     | info                           |    ‚ú®‚ú® A Quantum Gene has emerged!  ‚ú®‚ú®
2025-07-19 03:12:14.552 | INFO     | info                           |    ‚ú®‚ú® A Quantum Gene has emerged!  ‚ú®‚ú®
2025-07-19 03:12:14.723 | INFO     | info                           |    ‚ú®‚ú® A Quantum Gene has emerged!  ‚ú®‚ú®
2025-07-19 03:12:15.178 | INFO     | info                           |    ‚ú®‚ú® A Quantum Gene has emerged!  ‚ú®‚ú®
2025-07-19 03:12:15.639 | INFO     | info                           |    ‚ú®‚ú® A Quantum Gene has emerged!  ‚ú®‚ú®
2025-07-19 03:12:15.897 | INFO     | info                           |    Created 50/52 mixed cells...
2025-07-19 03:12:16.000 | INFO     | info                           | ‚úÖ‚úÖ  Population initialized with 64 cells (12 stem cells + 52 mixed)  ‚úÖ‚úÖ 
2025-07-19 03:12:16.001 | INFO     | info                           |    üèùÔ∏è Creating Island 'CONSTRAINED' on device cuda:0...
2025-07-19 03:12:16.001 | INFO     | info                           | Hall of Fame initialized with champion: None and fitness: -inf
2025-07-19 03:12:16.015 | INFO     | info                           | GPU Memory: 12.39/24.00 GB (51.6%)
2025-07-19 03:12:16.015 | INFO     | info                           | 
üß¨ Initializing production population with 64 cells...
2025-07-19 03:12:16.016 | INFO     | info                           |    Creating 12 dedicated stem cells...
2025-07-19 03:12:16.534 | INFO     | info                           |    Creating 52 mixed-type cells...
2025-07-19 03:12:16.840 | INFO     | info                           |    ‚ú®‚ú® A Quantum Gene has emerged!  ‚ú®‚ú®
2025-07-19 03:12:18.055 | INFO     | info                           |    ‚ú®‚ú® A Quantum Gene has emerged!  ‚ú®‚ú®
2025-07-19 03:12:19.016 | INFO     | info                           |    Created 50/52 mixed cells...
2025-07-19 03:12:19.097 | INFO     | info                           | ‚úÖ‚úÖ  Population initialized with 64 cells (12 stem cells + 52 mixed)  ‚úÖ‚úÖ 
2025-07-19 03:12:19.097 | INFO     | info                           |    üèùÔ∏è Creating Island 'NOVELTY' on device cuda:0...
2025-07-19 03:12:19.097 | INFO     | info                           | Hall of Fame initialized with champion: None and fitness: -inf
2025-07-19 03:12:19.108 | INFO     | info                           | GPU Memory: 14.16/24.00 GB (59.0%)
2025-07-19 03:12:19.108 | INFO     | info                           | 
üß¨ Initializing production population with 64 cells...
2025-07-19 03:12:19.108 | INFO     | info                           |    Creating 12 dedicated stem cells...
2025-07-19 03:12:19.598 | INFO     | info                           |    Creating 52 mixed-type cells...
2025-07-19 03:12:19.601 | INFO     | info                           |    ‚ú®‚ú® A Quantum Gene has emerged!  ‚ú®‚ú®
2025-07-19 03:12:19.780 | INFO     | info                           |    ‚ú®‚ú® A Quantum Gene has emerged!  ‚ú®‚ú®
2025-07-19 03:12:20.341 | INFO     | info                           |    ‚ú®‚ú® A Quantum Gene has emerged!  ‚ú®‚ú®
2025-07-19 03:12:20.432 | INFO     | info                           |    ‚ú®‚ú® A Quantum Gene has emerged!  ‚ú®‚ú®
2025-07-19 03:12:20.800 | INFO     | info                           |    ‚ú®‚ú® A Quantum Gene has emerged!  ‚ú®‚ú®
2025-07-19 03:12:20.851 | INFO     | info                           |    ‚ú®‚ú® A Quantum Gene has emerged!  ‚ú®‚ú®
2025-07-19 03:12:21.023 | INFO     | info                           |    ‚ú®‚ú® A Quantum Gene has emerged!  ‚ú®‚ú®
2025-07-19 03:12:21.751 | INFO     | info                           |    Created 50/52 mixed cells...
2025-07-19 03:12:21.833 | INFO     | info                           | ‚úÖ‚úÖ  Population initialized with 64 cells (12 stem cells + 52 mixed)  ‚úÖ‚úÖ 
2025-07-19 03:12:21.834 | INFO     | info                           |    üèùÔ∏è Creating Island 'ROBUSTNESS' on device cuda:1...
2025-07-19 03:12:21.834 | INFO     | info                           | Hall of Fame initialized with champion: None and fitness: -inf
2025-07-19 03:12:21.845 | INFO     | info                           | GPU Memory: 15.93/24.00 GB (66.4%)
2025-07-19 03:12:21.846 | INFO     | info                           | 
üß¨ Initializing production population with 64 cells...
2025-07-19 03:12:21.846 | INFO     | info                           |    Creating 12 dedicated stem cells...
2025-07-19 03:12:22.331 | INFO     | info                           |    Creating 52 mixed-type cells...
2025-07-19 03:12:22.415 | INFO     | info                           |    ‚ú®‚ú® A Quantum Gene has emerged!  ‚ú®‚ú®
2025-07-19 03:12:22.458 | INFO     | info                           |    ‚ú®‚ú® A Quantum Gene has emerged!  ‚ú®‚ú®
2025-07-19 03:12:22.667 | INFO     | info                           |    ‚ú®‚ú® A Quantum Gene has emerged!  ‚ú®‚ú®
2025-07-19 03:12:22.715 | INFO     | info                           |    ‚ú®‚ú® A Quantum Gene has emerged!  ‚ú®‚ú®
2025-07-19 03:12:22.751 | INFO     | info                           |    ‚ú®‚ú® A Quantum Gene has emerged!  ‚ú®‚ú®
2025-07-19 03:12:23.873 | INFO     | info                           |    ‚ú®‚ú® A Quantum Gene has emerged!  ‚ú®‚ú®
2025-07-19 03:12:23.991 | INFO     | info                           |    ‚ú®‚ú® A Quantum Gene has emerged!  ‚ú®‚ú®
2025-07-19 03:12:24.037 | INFO     | info                           |    ‚ú®‚ú® A Quantum Gene has emerged!  ‚ú®‚ú®
2025-07-19 03:12:24.266 | INFO     | info                           |    ‚ú®‚ú® A Quantum Gene has emerged!  ‚ú®‚ú®
2025-07-19 03:12:24.303 | INFO     | info                           |    Created 50/52 mixed cells...
2025-07-19 03:12:24.342 | INFO     | info                           |    ‚ú®‚ú® A Quantum Gene has emerged!  ‚ú®‚ú®
2025-07-19 03:12:24.384 | INFO     | info                           | ‚úÖ‚úÖ  Population initialized with 64 cells (12 stem cells + 52 mixed)  ‚úÖ‚úÖ 
2025-07-19 03:12:24.385 | INFO     | info                           | Resetting the entire Archipelago for a new run...
2025-07-19 03:12:24.385 | INFO     | info                           |    Resetting state for Germinal Center on cuda:0...
2025-07-19 03:12:24.404 | INFO     | info                           | 
üß¨ Initializing production population with 64 cells...
2025-07-19 03:12:24.404 | INFO     | info                           |    Creating 12 dedicated stem cells...
2025-07-19 03:12:24.822 | INFO     | info                           |    Creating 52 mixed-type cells...
2025-07-19 03:12:25.068 | INFO     | info                           |    ‚ú®‚ú® A Quantum Gene has emerged!  ‚ú®‚ú®
2025-07-19 03:12:25.143 | INFO     | info                           |    ‚ú®‚ú® A Quantum Gene has emerged!  ‚ú®‚ú®
2025-07-19 03:12:25.335 | INFO     | info                           |    ‚ú®‚ú® A Quantum Gene has emerged!  ‚ú®‚ú®
2025-07-19 03:12:25.465 | INFO     | info                           |    ‚ú®‚ú® A Quantum Gene has emerged!  ‚ú®‚ú®
2025-07-19 03:12:25.736 | INFO     | info                           |    ‚ú®‚ú® A Quantum Gene has emerged!  ‚ú®‚ú®
2025-07-19 03:12:26.180 | INFO     | info                           |    ‚ú®‚ú® A Quantum Gene has emerged!  ‚ú®‚ú®
2025-07-19 03:12:26.567 | INFO     | info                           |    ‚ú®‚ú® A Quantum Gene has emerged!  ‚ú®‚ú®
2025-07-19 03:12:26.721 | INFO     | info                           |    ‚ú®‚ú® A Quantum Gene has emerged!  ‚ú®‚ú®
2025-07-19 03:12:27.064 | INFO     | info                           |    Created 50/52 mixed cells...
2025-07-19 03:12:27.066 | INFO     | info                           |    ‚ú®‚ú® A Quantum Gene has emerged!  ‚ú®‚ú®
2025-07-19 03:12:27.157 | INFO     | info                           | ‚úÖ‚úÖ  Population initialized with 64 cells (12 stem cells + 52 mixed)  ‚úÖ‚úÖ 
2025-07-19 03:12:27.158 | INFO     | info                           |    Resetting state for Germinal Center on cuda:0...
2025-07-19 03:12:27.179 | INFO     | info                           | 
üß¨ Initializing production population with 64 cells...
2025-07-19 03:12:27.179 | INFO     | info                           |    Creating 12 dedicated stem cells...
2025-07-19 03:12:27.778 | INFO     | info                           |    Creating 52 mixed-type cells...
2025-07-19 03:12:28.259 | INFO     | info                           |    ‚ú®‚ú® A Quantum Gene has emerged!  ‚ú®‚ú®
2025-07-19 03:12:28.364 | INFO     | info                           |    ‚ú®‚ú® A Quantum Gene has emerged!  ‚ú®‚ú®
2025-07-19 03:12:28.510 | INFO     | info                           |    ‚ú®‚ú® A Quantum Gene has emerged!  ‚ú®‚ú®
2025-07-19 03:12:28.615 | INFO     | info                           |    ‚ú®‚ú® A Quantum Gene has emerged!  ‚ú®‚ú®
2025-07-19 03:12:29.423 | INFO     | info                           |    ‚ú®‚ú® A Quantum Gene has emerged!  ‚ú®‚ú®
2025-07-19 03:12:29.580 | INFO     | info                           |    ‚ú®‚ú® A Quantum Gene has emerged!  ‚ú®‚ú®
2025-07-19 03:12:29.779 | INFO     | info                           |    ‚ú®‚ú® A Quantum Gene has emerged!  ‚ú®‚ú®
2025-07-19 03:12:29.885 | INFO     | info                           |    Created 50/52 mixed cells...
2025-07-19 03:12:29.887 | INFO     | info                           |    ‚ú®‚ú® A Quantum Gene has emerged!  ‚ú®‚ú®
2025-07-19 03:12:29.969 | INFO     | info                           | ‚úÖ‚úÖ  Population initialized with 64 cells (12 stem cells + 52 mixed)  ‚úÖ‚úÖ 
2025-07-19 03:12:29.969 | INFO     | info                           |    Resetting state for Germinal Center on cuda:0...
2025-07-19 03:12:29.991 | INFO     | info                           | 
üß¨ Initializing production population with 64 cells...
2025-07-19 03:12:29.991 | INFO     | info                           |    Creating 12 dedicated stem cells...
2025-07-19 03:12:30.494 | INFO     | info                           |    Creating 52 mixed-type cells...
2025-07-19 03:12:30.786 | INFO     | info                           |    ‚ú®‚ú® A Quantum Gene has emerged!  ‚ú®‚ú®
2025-07-19 03:12:30.943 | INFO     | info                           |    ‚ú®‚ú® A Quantum Gene has emerged!  ‚ú®‚ú®
2025-07-19 03:12:31.960 | INFO     | info                           |    ‚ú®‚ú® A Quantum Gene has emerged!  ‚ú®‚ú®
2025-07-19 03:12:32.253 | INFO     | info                           |    ‚ú®‚ú® A Quantum Gene has emerged!  ‚ú®‚ú®
2025-07-19 03:12:32.744 | INFO     | info                           |    Created 50/52 mixed cells...
2025-07-19 03:12:32.746 | INFO     | info                           |    ‚ú®‚ú® A Quantum Gene has emerged!  ‚ú®‚ú®
2025-07-19 03:12:32.835 | INFO     | info                           | ‚úÖ‚úÖ  Population initialized with 64 cells (12 stem cells + 52 mixed)  ‚úÖ‚úÖ 
2025-07-19 03:12:32.835 | INFO     | info                           |    Resetting state for Germinal Center on cuda:0...
2025-07-19 03:12:32.854 | INFO     | info                           | 
üß¨ Initializing production population with 64 cells...
2025-07-19 03:12:32.855 | INFO     | info                           |    Creating 12 dedicated stem cells...
2025-07-19 03:12:33.333 | INFO     | info                           |    Creating 52 mixed-type cells...
2025-07-19 03:12:33.586 | INFO     | info                           |    ‚ú®‚ú® A Quantum Gene has emerged!  ‚ú®‚ú®
2025-07-19 03:12:33.750 | INFO     | info                           |    ‚ú®‚ú® A Quantum Gene has emerged!  ‚ú®‚ú®
2025-07-19 03:12:35.152 | INFO     | info                           |    ‚ú®‚ú® A Quantum Gene has emerged!  ‚ú®‚ú®
2025-07-19 03:12:35.359 | INFO     | info                           |    ‚ú®‚ú® A Quantum Gene has emerged!  ‚ú®‚ú®
2025-07-19 03:12:35.440 | INFO     | info                           |    Created 50/52 mixed cells...
2025-07-19 03:12:35.516 | INFO     | info                           | ‚úÖ‚úÖ  Population initialized with 64 cells (12 stem cells + 52 mixed)  ‚úÖ‚úÖ 
2025-07-19 03:12:35.516 | INFO     | info                           |    Resetting state for Germinal Center on cuda:1...
2025-07-19 03:12:35.658 | INFO     | info                           | 
üß¨ Initializing production population with 64 cells...
2025-07-19 03:12:35.659 | INFO     | info                           |    Creating 12 dedicated stem cells...
2025-07-19 03:12:36.119 | INFO     | info                           |    Creating 52 mixed-type cells...
2025-07-19 03:12:36.232 | INFO     | info                           |    ‚ú®‚ú® A Quantum Gene has emerged!  ‚ú®‚ú®
2025-07-19 03:12:38.828 | INFO     | info                           |    ‚ú®‚ú® A Quantum Gene has emerged!  ‚ú®‚ú®
2025-07-19 03:12:39.518 | INFO     | info                           |    ‚ú®‚ú® A Quantum Gene has emerged!  ‚ú®‚ú®
2025-07-19 03:12:40.942 | INFO     | info                           |    Created 50/52 mixed cells...
2025-07-19 03:12:41.053 | INFO     | info                           | ‚úÖ‚úÖ  Population initialized with 64 cells (12 stem cells + 52 mixed)  ‚úÖ‚úÖ 
2025-07-19 03:12:41.053 | INFO     | info                           | Establishing baselines...
2025-07-19 03:12:41.053 | INFO     | info                           | Sampled 32 baseline antigens.
2025-07-19 03:12:41.060 | INFO     | info                           | Converted to 32 baseline graphs.
2025-07-19 03:12:41.060 | INFO     | info                           | 
============================== üìä ESTABLISHING PERFORMANCE BASELINES üìä ==============================
2025-07-19 03:13:17.574 | INFO     | info                           |    Evaluated 64 cells using 'calculate_accuracy_fitness':
2025-07-19 03:13:17.575 | INFO     | info                           |       ‚Ä¢ Raw Accuracy Metrics: Avg=0.541, Best=0.746
2025-07-19 03:13:17.575 | INFO     | info                           |       ‚Ä¢ Inference Time: Avg=16.77ms, Best=6.08ms
2025-07-19 03:13:17.575 | INFO     | info                           |       ‚Ä¢ Accuracy Focus: Prioritizing prediction accuracy (100% weight)
2025-07-19 03:13:43.647 | INFO     | info                           |    Evaluated 64 cells using 'calculate_speed_fitness':
2025-07-19 03:13:43.648 | INFO     | info                           |       ‚Ä¢ Raw Accuracy Metrics: Avg=0.542, Best=0.757
2025-07-19 03:13:43.648 | INFO     | info                           |       ‚Ä¢ Inference Time: Avg=12.72ms, Best=5.02ms
2025-07-19 03:13:43.648 | INFO     | info                           |       ‚Ä¢ Speed Focus: Prioritizing inference time (90% weight)
2025-07-19 03:14:11.047 | INFO     | info                           |    Evaluated 64 cells using 'calculate_novelty_fitness':
2025-07-19 03:14:11.048 | INFO     | info                           |       ‚Ä¢ Raw Accuracy Metrics: Avg=0.537, Best=0.754
2025-07-19 03:14:11.048 | INFO     | info                           |       ‚Ä¢ Inference Time: Avg=12.38ms, Best=5.58ms
2025-07-19 03:14:40.661 | INFO     | info                           |    Evaluated 64 cells using 'calculate_robustness_fitness':
2025-07-19 03:14:40.662 | INFO     | info                           |       ‚Ä¢ Raw Accuracy Metrics: Avg=0.541, Best=0.755
2025-07-19 03:14:40.662 | INFO     | info                           |       ‚Ä¢ Inference Time: Avg=13.44ms, Best=5.17ms
2025-07-19 03:15:11.574 | INFO     | info                           |    Evaluated 64 cells using 'calculate_parsimony_fitness':
2025-07-19 03:15:11.575 | INFO     | info                           |       ‚Ä¢ Raw Accuracy Metrics: Avg=0.540, Best=0.736
2025-07-19 03:15:11.575 | INFO     | info                           |       ‚Ä¢ Inference Time: Avg=14.06ms, Best=5.74ms
2025-07-19 03:15:39.536 | INFO     | info                           |    Evaluated 64 cells using 'calculate_constrained_fitness':
2025-07-19 03:15:39.537 | INFO     | info                           |       ‚Ä¢ Raw Accuracy Metrics: Avg=0.537, Best=0.720
2025-07-19 03:15:39.537 | INFO     | info                           |       ‚Ä¢ Inference Time: Avg=12.62ms, Best=5.63ms
2025-07-19 03:16:09.124 | INFO     | info                           |    Evaluated 64 cells using 'calculate_balanced_fitness':
2025-07-19 03:16:09.126 | INFO     | info                           |       ‚Ä¢ Raw Accuracy Metrics: Avg=0.542, Best=0.720
2025-07-19 03:16:09.126 | INFO     | info                           |       ‚Ä¢ Inference Time: Avg=13.37ms, Best=6.05ms
2025-07-19 03:16:09.126 | INFO     | info                           |       ‚Ä¢ Balanced Focus: 60% accuracy, 40% speed
2025-07-19 03:16:09.127 | INFO     | info                           |    Baselines established. Starting evolution.
2025-07-19 03:16:09.127 | INFO     | info                           | 
--- Starting Cultivation Loop ---
2025-07-19 03:16:09.131 | INFO     | info                           | 
============================== ARCHIPELAGO GENERATION 1 ==============================
2025-07-19 03:16:09.132 | INFO     | info                           |    üß™ Submitting task for 'SCIENTIST (Accuracy-focused)' Island on cuda:0...
2025-07-19 03:16:09.132 | INFO     | info                           |    ‚ö° Submitting task for 'ENGINEER (Speed-focused)' Island on cuda:0...
2025-07-19 03:16:09.133 | INFO     | info                           |    üèùÔ∏è Submitting task for 'CONSTRAINED' Island on cuda:0...
2025-07-19 03:16:09.133 | INFO     | info                           |    üèùÔ∏è Submitting task for 'NOVELTY' Island on cuda:0...
2025-07-19 03:16:09.134 | INFO     | info                           |    üèùÔ∏è Submitting task for 'ROBUSTNESS' Island on cuda:1...
2025-07-19 03:16:09.135 | INFO     | info                           |    All island tasks submitted. Waiting for completion...
2025-07-19 03:16:09.210 | INFO     | info                           | 
================================================================================
2025-07-19 03:16:09.210 | INFO     | info                           | 
================================================================================
2025-07-19 03:16:09.210 | INFO     | info                           | 
================================================================================
2025-07-19 03:16:09.210 | INFO     | info                           | 
================================================================================
2025-07-19 03:16:09.210 | INFO     | info                           | 
================================================================================
2025-07-19 03:16:09.210 | INFO     | info                           | GENERATION 1 on cuda:0 [üèùÔ∏è NOVELTY]
2025-07-19 03:16:09.211 | INFO     | info                           | GENERATION 1 on cuda:0 [‚ö° ENGINEER (Speed-focused)]
2025-07-19 03:16:09.211 | INFO     | info                           | GENERATION 1 on cuda:1 [üèùÔ∏è ROBUSTNESS]
2025-07-19 03:16:09.211 | INFO     | info                           | GENERATION 1 on cuda:0 [üß™ SCIENTIST (Accuracy-focused)]
2025-07-19 03:16:09.211 | INFO     | info                           | GENERATION 1 on cuda:0 [üèùÔ∏è CONSTRAINED]
2025-07-19 03:16:09.211 | INFO     | info                           | ================================================================================
2025-07-19 03:16:09.211 | INFO     | info                           | ================================================================================
2025-07-19 03:16:09.212 | INFO     | info                           | ================================================================================
2025-07-19 03:16:09.212 | INFO     | info                           | ================================================================================
2025-07-19 03:16:09.212 | INFO     | info                           | ================================================================================
2025-07-19 03:16:09.259 | INFO     | info                           | 
üìä Phase 1: Fitness Evaluation (Optimized)
2025-07-19 03:16:09.259 | INFO     | info                           | 
üìä Phase 1: Fitness Evaluation (Optimized)
2025-07-19 03:16:09.259 | INFO     | info                           | 
üìä Phase 1: Fitness Evaluation (Optimized)
2025-07-19 03:16:09.260 | INFO     | info                           | 
üìä Phase 1: Fitness Evaluation (Optimized)
2025-07-19 03:16:09.260 | INFO     | info                           | 
üìä Phase 1: Fitness Evaluation (Optimized)
2025-07-19 03:20:32.661 | INFO     | info                           |    Evaluated 64 cells using 'calculate_novelty_fitness':
2025-07-19 03:20:32.662 | INFO     | info                           |       ‚Ä¢ Raw Accuracy Metrics: Avg=0.542, Best=0.700
2025-07-19 03:20:32.664 | INFO     | info                           |       ‚Ä¢ Inference Time: Avg=120.55ms, Best=50.30ms
2025-07-19 03:20:32.666 | INFO     | info                           |    üèÜüèÜüèÜüèÜ New Hall of Fame Champion on NOVELTY! Cell c5258e23 with fitness 0.9400üèÜüèÜüèÜüèÜ
2025-07-19 03:20:32.672 | INFO     | info                           | 
üìà Phase 2: Metrics and Stress Detection
2025-07-19 03:20:32.895 | INFO     | info                           |    [1müìä Metrics:[0m [36müí™ Fitness: 0.908 ¬± 0.000[0m, [35müåø Diversity: 4.712[0m, [33müß¨ Genes: 146[0m
2025-07-19 03:20:32.895 | INFO     | info                           |    Stress factors: stagnation=N/A, diversity=0.00, variance=0.00, phase=0.00
2025-07-19 03:20:32.896 | INFO     | info                           |    Combined amplified stress: 0.000
2025-07-19 03:20:32.896 | INFO     | info                           |    Current stress level: 0.000
2025-07-19 03:20:32.896 | INFO     | info                           | 
üîçüîç  Phase 3: Phase Transition Analysis  üîçüîç
2025-07-19 03:20:32.900 | INFO     | info                           | 
üß¨üß¨ Phase 5: Selection and Reproduction (Optimized) üß¨üß¨
2025-07-19 03:20:32.901 | INFO     | info                           |    Selection complete: 44 survivors, 20 to be replaced.
2025-07-19 03:20:37.497 | INFO     | info                           |    Replaced 20 cells with optimized cloning.
2025-07-19 03:20:45.702 | INFO     | info                           |    Evaluated 64 cells using 'calculate_robustness_fitness':
2025-07-19 03:20:45.703 | INFO     | info                           |       ‚Ä¢ Raw Accuracy Metrics: Avg=0.532, Best=0.709
2025-07-19 03:20:45.703 | INFO     | info                           |       ‚Ä¢ Inference Time: Avg=125.90ms, Best=51.60ms
2025-07-19 03:20:45.706 | INFO     | info                           |    üèÜüèÜüèÜüèÜ New Hall of Fame Champion on ROBUSTNESS! Cell 4308d56d with fitness 0.7086üèÜüèÜüèÜüèÜ
2025-07-19 03:20:45.708 | INFO     | info                           | 
üìà Phase 2: Metrics and Stress Detection
2025-07-19 03:20:45.752 | INFO     | info                           |    Evaluated 64 cells using 'calculate_accuracy_fitness':
2025-07-19 03:20:45.752 | INFO     | info                           |       ‚Ä¢ Raw Accuracy Metrics: Avg=0.544, Best=0.757
2025-07-19 03:20:45.753 | INFO     | info                           |       ‚Ä¢ Inference Time: Avg=125.92ms, Best=57.00ms
2025-07-19 03:20:45.753 | INFO     | info                           |       ‚Ä¢ Accuracy Focus: Prioritizing prediction accuracy (100% weight)
2025-07-19 03:20:45.755 | INFO     | info                           |    üèÜüèÜüèÜüèÜ New Hall of Fame Champion on SCIENTIST (Accuracy-focused)! Cell 4c050892 with fitness 0.7574üèÜüèÜüèÜüèÜ
2025-07-19 03:20:45.757 | INFO     | info                           | 
üìà Phase 2: Metrics and Stress Detection
2025-07-19 03:20:45.971 | INFO     | info                           |    [1müìä Metrics:[0m [36müí™ Fitness: 0.526 ¬± 0.007[0m, [35müåø Diversity: 4.777[0m, [33müß¨ Genes: 151[0m
2025-07-19 03:20:45.972 | INFO     | info                           |    Stress factors: stagnation=N/A, diversity=0.00, variance=0.01, phase=0.00
2025-07-19 03:20:45.972 | INFO     | info                           |    Combined amplified stress: 0.009
2025-07-19 03:20:45.972 | INFO     | info                           |    Current stress level: 0.009
2025-07-19 03:20:45.973 | INFO     | info                           | 
üîçüîç  Phase 3: Phase Transition Analysis  üîçüîç
2025-07-19 03:20:45.975 | INFO     | info                           | 
üß¨üß¨ Phase 5: Selection and Reproduction (Optimized) üß¨üß¨
2025-07-19 03:20:45.975 | INFO     | info                           |    Selection complete: 44 survivors, 20 to be replaced.
2025-07-19 03:20:46.012 | INFO     | info                           |    [1müìä Metrics:[0m [36müí™ Fitness: 0.538 ¬± 0.008[0m, [35müåø Diversity: 4.811[0m, [33müß¨ Genes: 159[0m
2025-07-19 03:20:46.013 | INFO     | info                           |    Stress factors: stagnation=N/A, diversity=0.00, variance=0.02, phase=0.00
2025-07-19 03:20:46.013 | INFO     | info                           |    Combined amplified stress: 0.011
2025-07-19 03:20:46.014 | INFO     | info                           |    Current stress level: 0.011
2025-07-19 03:20:46.014 | INFO     | info                           | 
üîçüîç  Phase 3: Phase Transition Analysis  üîçüîç
2025-07-19 03:20:46.017 | INFO     | info                           | 
üß¨üß¨ Phase 5: Selection and Reproduction (Optimized) üß¨üß¨
2025-07-19 03:20:46.017 | INFO     | info                           |    Selection complete: 44 survivors, 20 to be replaced.
2025-07-19 03:20:46.846 | INFO     | info                           |    New population size: 96
2025-07-19 03:20:46.846 | INFO     | info                           |    - Parallel batch cache cleared.
2025-07-19 03:20:46.848 | INFO     | info                           | 
‚è±Ô∏è  Generation 1 completed in 277.64s. Population: 96
2025-07-19 03:20:48.464 | INFO     | info                           | write_visualization_state completed successfully
2025-07-19 03:20:48.485 | INFO     | info                           | 
   üèùÔ∏è Island 'NOVELTY' completed:
2025-07-19 03:20:48.487 | INFO     | info                           |       ‚Ä¢ Mean Fitness: 0.908
2025-07-19 03:20:48.488 | INFO     | info                           |       ‚Ä¢ Champion Fitness: 0.940
2025-07-19 03:20:48.489 | INFO     | info                           |       ‚Ä¢ Focus Metric (Balanced): Population balancing speed and accuracy
2025-07-19 03:20:50.767 | INFO     | info                           |    Replaced 20 cells with optimized cloning.
2025-07-19 03:20:50.953 | INFO     | info                           |    Replaced 20 cells with optimized cloning.
2025-07-19 03:20:55.788 | INFO     | info                           |    Evaluated 64 cells using 'calculate_speed_fitness':
2025-07-19 03:20:55.789 | INFO     | info                           |       ‚Ä¢ Raw Accuracy Metrics: Avg=0.546, Best=0.732
2025-07-19 03:20:55.789 | INFO     | info                           |       ‚Ä¢ Inference Time: Avg=130.82ms, Best=69.66ms
2025-07-19 03:20:55.789 | INFO     | info                           |       ‚Ä¢ Speed Focus: Prioritizing inference time (90% weight)
2025-07-19 03:20:55.793 | INFO     | info                           |    üèÜüèÜüèÜüèÜ New Hall of Fame Champion on ENGINEER (Speed-focused)! Cell cc3d3d34 with fitness 0.0732üèÜüèÜüèÜüèÜ
2025-07-19 03:20:55.794 | INFO     | info                           | 
üìà Phase 2: Metrics and Stress Detection
2025-07-19 03:20:56.080 | INFO     | info                           |    [1müìä Metrics:[0m [36müí™ Fitness: 0.053 ¬± 0.000[0m, [35müåø Diversity: 4.796[0m, [33müß¨ Genes: 158[0m
2025-07-19 03:20:56.081 | INFO     | info                           |    Stress factors: stagnation=N/A, diversity=0.00, variance=0.00, phase=0.00
2025-07-19 03:20:56.081 | INFO     | info                           |    Combined amplified stress: 0.000
2025-07-19 03:20:56.082 | INFO     | info                           |    Current stress level: 0.000
2025-07-19 03:20:56.082 | INFO     | info                           | 
üîçüîç  Phase 3: Phase Transition Analysis  üîçüîç
2025-07-19 03:20:56.085 | INFO     | info                           | 
üß¨üß¨ Phase 5: Selection and Reproduction (Optimized) üß¨üß¨
2025-07-19 03:20:56.085 | INFO     | info                           |    Selection complete: 44 survivors, 20 to be replaced.
2025-07-19 03:21:02.877 | ERROR    | error                          |    Island 'SCIENTIST (Accuracy-focused)' evolution task failed: DetailedLogger.error() got an unexpected keyword argument 'exc_info'
Traceback (most recent call last):
  File "/mnt/c/Users/wes/desktop/te_ai/scripts/core/clone_operation.py", line 118, in fast_clone
    child = child.to(device)  # <--- THE FIX: move the whole cell to device
            ^^^^^^^^^^^^^^^^
  File "/mnt/c/Users/wes/desktop/new_multi_omics_july10/venv/lib/python3.12/site-packages/torch/nn/modules/module.py", line 1355, in to
    return self._apply(convert)
           ^^^^^^^^^^^^^^^^^^^^
  File "/mnt/c/Users/wes/desktop/new_multi_omics_july10/venv/lib/python3.12/site-packages/torch/nn/modules/module.py", line 915, in _apply
    module._apply(fn)
  File "/mnt/c/Users/wes/desktop/new_multi_omics_july10/venv/lib/python3.12/site-packages/torch/nn/modules/module.py", line 915, in _apply
    module._apply(fn)
  File "/mnt/c/Users/wes/desktop/new_multi_omics_july10/venv/lib/python3.12/site-packages/torch/nn/modules/module.py", line 915, in _apply
    module._apply(fn)
  [Previous line repeated 1 more time]
  File "/mnt/c/Users/wes/desktop/new_multi_omics_july10/venv/lib/python3.12/site-packages/torch/nn/modules/module.py", line 942, in _apply
    param_applied = fn(param)
                    ^^^^^^^^^
  File "/mnt/c/Users/wes/desktop/new_multi_omics_july10/venv/lib/python3.12/site-packages/torch/nn/modules/module.py", line 1341, in convert
    return t.to(
           ^^^^^
torch.OutOfMemoryError: CUDA out of memory. Tried to allocate 18.00 MiB. GPU 0 has a total capacity of 24.00 GiB of which 0 bytes is free. Including non-PyTorch memory, this process has 17179869184.00 GiB memory in use. Including non-PyTorch memory, this process has 17179869184.00 GiB memory in use. 22.80 GiB allowed; Of the allocated memory 20.92 GiB is allocated by PyTorch, and 1.87 GiB is reserved by PyTorch but unallocated. If reserved but unallocated memory is large try setting PYTORCH_CUDA_ALLOC_CONF=expandable_segments:True to avoid fragmentation.  See documentation for Memory Management  (https://pytorch.org/docs/stable/notes/cuda.html#environment-variables)

During handling of the above exception, another exception occurred:

Traceback (most recent call last):
  File "/mnt/c/Users/wes/desktop/te_ai/scripts/core/advanced/archipelago_germinal_center.py", line 143, in evolve_generation
    metrics = future.result()
              ^^^^^^^^^^^^^^^
  File "/root/miniconda3/lib/python3.12/concurrent/futures/_base.py", line 449, in result
    return self.__get_result()
           ^^^^^^^^^^^^^^^^^^^
  File "/root/miniconda3/lib/python3.12/concurrent/futures/_base.py", line 401, in __get_result
    raise self._exception
  File "/root/miniconda3/lib/python3.12/concurrent/futures/thread.py", line 59, in run
    result = self.fn(*self.args, **self.kwargs)
             ^^^^^^^^^^^^^^^^^^^^^^^^^^^^^^^^^^
  File "/mnt/c/Users/wes/desktop/te_ai/scripts/core/advanced/archipelago_germinal_center.py", line 120, in _evolve_island_worker
    return island_gc.evolve_generation(antigen_batch_device, fitness_function)
           ^^^^^^^^^^^^^^^^^^^^^^^^^^^^^^^^^^^^^^^^^^^^^^^^^^^^^^^^^^^^^^^^^^^
  File "/mnt/c/Users/wes/desktop/te_ai/scripts/core/production_germinal_center.py", line 1239, in evolve_generation
    self._selection_and_reproduction_fast(fitness_scores)
  File "/mnt/c/Users/wes/desktop/te_ai/scripts/core/production_germinal_center.py", line 1328, in _selection_and_reproduction_fast
    child = self.clone_pool.fast_clone(parent)
            ^^^^^^^^^^^^^^^^^^^^^^^^^^^^^^^^^^
  File "/mnt/c/Users/wes/desktop/te_ai/scripts/core/clone_operation.py", line 137, in fast_clone
    logger.error(f"Fast clone failed: {e}, using fallback method", exc_info=True)
TypeError: DetailedLogger.error() got an unexpected keyword argument 'exc_info'

2025-07-19 03:21:02.885 | ERROR    | error                          |    Island 'ENGINEER (Speed-focused)' evolution task failed: DetailedLogger.error() got an unexpected keyword argument 'exc_info'
Traceback (most recent call last):
  File "/mnt/c/Users/wes/desktop/te_ai/scripts/core/clone_operation.py", line 118, in fast_clone
    child = child.to(device)  # <--- THE FIX: move the whole cell to device
            ^^^^^^^^^^^^^^^^
  File "/mnt/c/Users/wes/desktop/new_multi_omics_july10/venv/lib/python3.12/site-packages/torch/nn/modules/module.py", line 1355, in to
    return self._apply(convert)
           ^^^^^^^^^^^^^^^^^^^^
  File "/mnt/c/Users/wes/desktop/new_multi_omics_july10/venv/lib/python3.12/site-packages/torch/nn/modules/module.py", line 915, in _apply
    module._apply(fn)
  File "/mnt/c/Users/wes/desktop/new_multi_omics_july10/venv/lib/python3.12/site-packages/torch/nn/modules/module.py", line 915, in _apply
    module._apply(fn)
  File "/mnt/c/Users/wes/desktop/new_multi_omics_july10/venv/lib/python3.12/site-packages/torch/nn/modules/module.py", line 915, in _apply
    module._apply(fn)
  [Previous line repeated 1 more time]
  File "/mnt/c/Users/wes/desktop/new_multi_omics_july10/venv/lib/python3.12/site-packages/torch/nn/modules/module.py", line 942, in _apply
    param_applied = fn(param)
                    ^^^^^^^^^
  File "/mnt/c/Users/wes/desktop/new_multi_omics_july10/venv/lib/python3.12/site-packages/torch/nn/modules/module.py", line 1341, in convert
    return t.to(
           ^^^^^
torch.OutOfMemoryError: CUDA out of memory. Tried to allocate 18.00 MiB. GPU 0 has a total capacity of 24.00 GiB of which 0 bytes is free. Including non-PyTorch memory, this process has 17179869184.00 GiB memory in use. Including non-PyTorch memory, this process has 17179869184.00 GiB memory in use. 22.80 GiB allowed; Of the allocated memory 20.91 GiB is allocated by PyTorch, and 1.88 GiB is reserved by PyTorch but unallocated. If reserved but unallocated memory is large try setting PYTORCH_CUDA_ALLOC_CONF=expandable_segments:True to avoid fragmentation.  See documentation for Memory Management  (https://pytorch.org/docs/stable/notes/cuda.html#environment-variables)

During handling of the above exception, another exception occurred:

Traceback (most recent call last):
  File "/mnt/c/Users/wes/desktop/te_ai/scripts/core/advanced/archipelago_germinal_center.py", line 143, in evolve_generation
    metrics = future.result()
              ^^^^^^^^^^^^^^^
  File "/root/miniconda3/lib/python3.12/concurrent/futures/_base.py", line 449, in result
    return self.__get_result()
           ^^^^^^^^^^^^^^^^^^^
  File "/root/miniconda3/lib/python3.12/concurrent/futures/_base.py", line 401, in __get_result
    raise self._exception
  File "/root/miniconda3/lib/python3.12/concurrent/futures/thread.py", line 59, in run
    result = self.fn(*self.args, **self.kwargs)
             ^^^^^^^^^^^^^^^^^^^^^^^^^^^^^^^^^^
  File "/mnt/c/Users/wes/desktop/te_ai/scripts/core/advanced/archipelago_germinal_center.py", line 120, in _evolve_island_worker
    return island_gc.evolve_generation(antigen_batch_device, fitness_function)
           ^^^^^^^^^^^^^^^^^^^^^^^^^^^^^^^^^^^^^^^^^^^^^^^^^^^^^^^^^^^^^^^^^^^
  File "/mnt/c/Users/wes/desktop/te_ai/scripts/core/production_germinal_center.py", line 1239, in evolve_generation
    self._selection_and_reproduction_fast(fitness_scores)
  File "/mnt/c/Users/wes/desktop/te_ai/scripts/core/production_germinal_center.py", line 1315, in _selection_and_reproduction_fast
    child = self.clone_pool.fast_clone(parent)
            ^^^^^^^^^^^^^^^^^^^^^^^^^^^^^^^^^^
  File "/mnt/c/Users/wes/desktop/te_ai/scripts/core/clone_operation.py", line 137, in fast_clone
    logger.error(f"Fast clone failed: {e}, using fallback method", exc_info=True)
TypeError: DetailedLogger.error() got an unexpected keyword argument 'exc_info'

2025-07-19 03:21:02.891 | ERROR    | error                          |    Island 'ROBUSTNESS' evolution task failed: DetailedLogger.error() got an unexpected keyword argument 'exc_info'
Traceback (most recent call last):
  File "/mnt/c/Users/wes/desktop/te_ai/scripts/core/clone_operation.py", line 118, in fast_clone
    child = child.to(device)  # <--- THE FIX: move the whole cell to device
            ^^^^^^^^^^^^^^^^
  File "/mnt/c/Users/wes/desktop/new_multi_omics_july10/venv/lib/python3.12/site-packages/torch/nn/modules/module.py", line 1355, in to
    return self._apply(convert)
           ^^^^^^^^^^^^^^^^^^^^
  File "/mnt/c/Users/wes/desktop/new_multi_omics_july10/venv/lib/python3.12/site-packages/torch/nn/modules/module.py", line 915, in _apply
    module._apply(fn)
  File "/mnt/c/Users/wes/desktop/new_multi_omics_july10/venv/lib/python3.12/site-packages/torch/nn/modules/module.py", line 915, in _apply
    module._apply(fn)
  File "/mnt/c/Users/wes/desktop/new_multi_omics_july10/venv/lib/python3.12/site-packages/torch/nn/modules/module.py", line 915, in _apply
    module._apply(fn)
  [Previous line repeated 1 more time]
  File "/mnt/c/Users/wes/desktop/new_multi_omics_july10/venv/lib/python3.12/site-packages/torch/nn/modules/module.py", line 942, in _apply
    param_applied = fn(param)
                    ^^^^^^^^^
  File "/mnt/c/Users/wes/desktop/new_multi_omics_july10/venv/lib/python3.12/site-packages/torch/nn/modules/module.py", line 1341, in convert
    return t.to(
           ^^^^^
torch.OutOfMemoryError: CUDA out of memory. Tried to allocate 18.00 MiB. GPU 0 has a total capacity of 24.00 GiB of which 0 bytes is free. Including non-PyTorch memory, this process has 17179869184.00 GiB memory in use. Including non-PyTorch memory, this process has 17179869184.00 GiB memory in use. 22.80 GiB allowed; Of the allocated memory 20.92 GiB is allocated by PyTorch, and 1.87 GiB is reserved by PyTorch but unallocated. If reserved but unallocated memory is large try setting PYTORCH_CUDA_ALLOC_CONF=expandable_segments:True to avoid fragmentation.  See documentation for Memory Management  (https://pytorch.org/docs/stable/notes/cuda.html#environment-variables)

During handling of the above exception, another exception occurred:

Traceback (most recent call last):
  File "/mnt/c/Users/wes/desktop/te_ai/scripts/core/advanced/archipelago_germinal_center.py", line 143, in evolve_generation
    metrics = future.result()
              ^^^^^^^^^^^^^^^
  File "/root/miniconda3/lib/python3.12/concurrent/futures/_base.py", line 449, in result
    return self.__get_result()
           ^^^^^^^^^^^^^^^^^^^
  File "/root/miniconda3/lib/python3.12/concurrent/futures/_base.py", line 401, in __get_result
    raise self._exception
  File "/root/miniconda3/lib/python3.12/concurrent/futures/thread.py", line 59, in run
    result = self.fn(*self.args, **self.kwargs)
             ^^^^^^^^^^^^^^^^^^^^^^^^^^^^^^^^^^
  File "/mnt/c/Users/wes/desktop/te_ai/scripts/core/advanced/archipelago_germinal_center.py", line 120, in _evolve_island_worker
    return island_gc.evolve_generation(antigen_batch_device, fitness_function)
           ^^^^^^^^^^^^^^^^^^^^^^^^^^^^^^^^^^^^^^^^^^^^^^^^^^^^^^^^^^^^^^^^^^^
  File "/mnt/c/Users/wes/desktop/te_ai/scripts/core/production_germinal_center.py", line 1239, in evolve_generation
    self._selection_and_reproduction_fast(fitness_scores)
  File "/mnt/c/Users/wes/desktop/te_ai/scripts/core/production_germinal_center.py", line 1328, in _selection_and_reproduction_fast
    child = self.clone_pool.fast_clone(parent)
            ^^^^^^^^^^^^^^^^^^^^^^^^^^^^^^^^^^
  File "/mnt/c/Users/wes/desktop/te_ai/scripts/core/clone_operation.py", line 137, in fast_clone
    logger.error(f"Fast clone failed: {e}, using fallback method", exc_info=True)
TypeError: DetailedLogger.error() got an unexpected keyword argument 'exc_info'

2025-07-19 03:21:03.854 | INFO     | info                           |    Evaluated 64 cells using 'calculate_constrained_fitness':
2025-07-19 03:21:03.854 | INFO     | info                           |       ‚Ä¢ Raw Accuracy Metrics: Avg=0.552, Best=0.737
2025-07-19 03:21:03.854 | INFO     | info                           |       ‚Ä¢ Inference Time: Avg=134.75ms, Best=18.45ms
2025-07-19 03:21:03.854 | INFO     | info                           |    üèÜüèÜüèÜüèÜ New Hall of Fame Champion on CONSTRAINED! Cell a7ccf621 with fitness 0.7369üèÜüèÜüèÜüèÜ
2025-07-19 03:21:03.855 | INFO     | info                           | 
üìà Phase 2: Metrics and Stress Detection
2025-07-19 03:21:03.888 | INFO     | info                           |    [1müìä Metrics:[0m [36müí™ Fitness: 0.541 ¬± 0.007[0m, [35müåø Diversity: 4.767[0m, [33müß¨ Genes: 153[0m
2025-07-19 03:21:03.888 | INFO     | info                           |    Stress factors: stagnation=N/A, diversity=0.00, variance=0.01, phase=0.00
2025-07-19 03:21:03.888 | INFO     | info                           |    Combined amplified stress: 0.010
2025-07-19 03:21:03.888 | INFO     | info                           |    Current stress level: 0.010
2025-07-19 03:21:03.889 | INFO     | info                           | 
üîçüîç  Phase 3: Phase Transition Analysis  üîçüîç
2025-07-19 03:21:03.890 | INFO     | info                           | 
üß¨üß¨ Phase 5: Selection and Reproduction (Optimized) üß¨üß¨
2025-07-19 03:21:03.890 | INFO     | info                           |    Selection complete: 44 survivors, 20 to be replaced.
2025-07-19 03:21:03.939 | ERROR    | error                          |    Island 'CONSTRAINED' evolution task failed: DetailedLogger.error() got an unexpected keyword argument 'exc_info'
Traceback (most recent call last):
  File "/mnt/c/Users/wes/desktop/te_ai/scripts/core/clone_operation.py", line 118, in fast_clone
    child = child.to(device)  # <--- THE FIX: move the whole cell to device
            ^^^^^^^^^^^^^^^^
  File "/mnt/c/Users/wes/desktop/new_multi_omics_july10/venv/lib/python3.12/site-packages/torch/nn/modules/module.py", line 1355, in to
    return self._apply(convert)
           ^^^^^^^^^^^^^^^^^^^^
  File "/mnt/c/Users/wes/desktop/new_multi_omics_july10/venv/lib/python3.12/site-packages/torch/nn/modules/module.py", line 915, in _apply
    module._apply(fn)
  File "/mnt/c/Users/wes/desktop/new_multi_omics_july10/venv/lib/python3.12/site-packages/torch/nn/modules/module.py", line 915, in _apply
    module._apply(fn)
  File "/mnt/c/Users/wes/desktop/new_multi_omics_july10/venv/lib/python3.12/site-packages/torch/nn/modules/module.py", line 915, in _apply
    module._apply(fn)
  [Previous line repeated 1 more time]
  File "/mnt/c/Users/wes/desktop/new_multi_omics_july10/venv/lib/python3.12/site-packages/torch/nn/modules/module.py", line 942, in _apply
    param_applied = fn(param)
                    ^^^^^^^^^
  File "/mnt/c/Users/wes/desktop/new_multi_omics_july10/venv/lib/python3.12/site-packages/torch/nn/modules/module.py", line 1341, in convert
    return t.to(
           ^^^^^
torch.OutOfMemoryError: CUDA out of memory. Tried to allocate 18.00 MiB. GPU 0 has a total capacity of 24.00 GiB of which 0 bytes is free. Including non-PyTorch memory, this process has 17179869184.00 GiB memory in use. Including non-PyTorch memory, this process has 17179869184.00 GiB memory in use. 22.80 GiB allowed; Of the allocated memory 20.91 GiB is allocated by PyTorch, and 1.88 GiB is reserved by PyTorch but unallocated. If reserved but unallocated memory is large try setting PYTORCH_CUDA_ALLOC_CONF=expandable_segments:True to avoid fragmentation.  See documentation for Memory Management  (https://pytorch.org/docs/stable/notes/cuda.html#environment-variables)

During handling of the above exception, another exception occurred:

Traceback (most recent call last):
  File "/mnt/c/Users/wes/desktop/te_ai/scripts/core/advanced/archipelago_germinal_center.py", line 143, in evolve_generation
    metrics = future.result()
              ^^^^^^^^^^^^^^^
  File "/root/miniconda3/lib/python3.12/concurrent/futures/_base.py", line 449, in result
    return self.__get_result()
           ^^^^^^^^^^^^^^^^^^^
  File "/root/miniconda3/lib/python3.12/concurrent/futures/_base.py", line 401, in __get_result
    raise self._exception
  File "/root/miniconda3/lib/python3.12/concurrent/futures/thread.py", line 59, in run
    result = self.fn(*self.args, **self.kwargs)
             ^^^^^^^^^^^^^^^^^^^^^^^^^^^^^^^^^^
  File "/mnt/c/Users/wes/desktop/te_ai/scripts/core/advanced/archipelago_germinal_center.py", line 120, in _evolve_island_worker
    return island_gc.evolve_generation(antigen_batch_device, fitness_function)
           ^^^^^^^^^^^^^^^^^^^^^^^^^^^^^^^^^^^^^^^^^^^^^^^^^^^^^^^^^^^^^^^^^^^
  File "/mnt/c/Users/wes/desktop/te_ai/scripts/core/production_germinal_center.py", line 1239, in evolve_generation
    self._selection_and_reproduction_fast(fitness_scores)
  File "/mnt/c/Users/wes/desktop/te_ai/scripts/core/production_germinal_center.py", line 1315, in _selection_and_reproduction_fast
    child = self.clone_pool.fast_clone(parent)
            ^^^^^^^^^^^^^^^^^^^^^^^^^^^^^^^^^^
  File "/mnt/c/Users/wes/desktop/te_ai/scripts/core/clone_operation.py", line 137, in fast_clone
    logger.error(f"Fast clone failed: {e}, using fallback method", exc_info=True)
TypeError: DetailedLogger.error() got an unexpected keyword argument 'exc_info'

2025-07-19 03:21:03.939 | INFO     | info                           | 
   All islands have completed Generation 1.
2025-07-19 03:21:03.944 | INFO     | info                           | 
============================== ARCHIPELAGO GENERATION 2 ==============================
2025-07-19 03:21:03.944 | INFO     | info                           |    üß™ Submitting task for 'SCIENTIST (Accuracy-focused)' Island on cuda:0...
2025-07-19 03:21:03.944 | INFO     | info                           |    ‚ö° Submitting task for 'ENGINEER (Speed-focused)' Island on cuda:0...
2025-07-19 03:21:03.944 | INFO     | info                           |    üèùÔ∏è Submitting task for 'CONSTRAINED' Island on cuda:0...
2025-07-19 03:21:03.945 | INFO     | info                           |    üèùÔ∏è Submitting task for 'NOVELTY' Island on cuda:0...
2025-07-19 03:21:03.945 | INFO     | info                           |    üèùÔ∏è Submitting task for 'ROBUSTNESS' Island on cuda:1...
2025-07-19 03:21:03.946 | INFO     | info                           |    All island tasks submitted. Waiting for completion...
2025-07-19 03:21:03.981 | INFO     | info                           | 
================================================================================
2025-07-19 03:21:03.981 | INFO     | info                           | 
================================================================================
2025-07-19 03:21:03.981 | INFO     | info                           | 
================================================================================
2025-07-19 03:21:03.981 | INFO     | info                           | GENERATION 2 on cuda:0 [üèùÔ∏è CONSTRAINED]
2025-07-19 03:21:03.981 | INFO     | info                           | 
================================================================================
2025-07-19 03:21:03.981 | INFO     | info                           | GENERATION 2 on cuda:0 [üèùÔ∏è NOVELTY]
2025-07-19 03:21:03.982 | INFO     | info                           | GENERATION 2 on cuda:0 [‚ö° ENGINEER (Speed-focused)]
2025-07-19 03:21:03.982 | INFO     | info                           | ================================================================================
2025-07-19 03:21:03.982 | INFO     | info                           | GENERATION 2 on cuda:0 [üß™ SCIENTIST (Accuracy-focused)]
2025-07-19 03:21:03.983 | INFO     | info                           | ================================================================================
2025-07-19 03:21:03.983 | INFO     | info                           | ================================================================================
2025-07-19 03:21:03.983 | INFO     | info                           | ================================================================================
2025-07-19 03:21:04.010 | INFO     | info                           | 
üìä Phase 1: Fitness Evaluation (Optimized)
2025-07-19 03:21:04.010 | INFO     | info                           | 
üìä Phase 1: Fitness Evaluation (Optimized)
2025-07-19 03:21:04.010 | INFO     | info                           | 
üìä Phase 1: Fitness Evaluation (Optimized)
2025-07-19 03:21:04.010 | INFO     | info                           | 
üìä Phase 1: Fitness Evaluation (Optimized)
2025-07-19 03:21:04.011 | INFO     | info                           | 
================================================================================
2025-07-19 03:21:04.013 | INFO     | info                           | GENERATION 2 on cuda:1 [üèùÔ∏è ROBUSTNESS]
2025-07-19 03:21:04.014 | INFO     | info                           | ================================================================================
2025-07-19 03:21:04.017 | INFO     | info                           | 
üìä Phase 1: Fitness Evaluation (Optimized)
2025-07-19 03:21:04.051 | ERROR    | error                          |    Island 'NOVELTY' evolution task failed: Expected all tensors to be on the same device, but found at least two devices, cpu and cuda:1! (when checking argument for argument tensors in method wrapper_CUDA_cat)
Traceback (most recent call last):
  File "/mnt/c/Users/wes/desktop/te_ai/scripts/core/advanced/archipelago_germinal_center.py", line 143, in evolve_generation
    metrics = future.result()
              ^^^^^^^^^^^^^^^
  File "/root/miniconda3/lib/python3.12/concurrent/futures/_base.py", line 449, in result
    return self.__get_result()
           ^^^^^^^^^^^^^^^^^^^
  File "/root/miniconda3/lib/python3.12/concurrent/futures/_base.py", line 401, in __get_result
    raise self._exception
  File "/root/miniconda3/lib/python3.12/concurrent/futures/thread.py", line 59, in run
    result = self.fn(*self.args, **self.kwargs)
             ^^^^^^^^^^^^^^^^^^^^^^^^^^^^^^^^^^
  File "/mnt/c/Users/wes/desktop/te_ai/scripts/core/advanced/archipelago_germinal_center.py", line 120, in _evolve_island_worker
    return island_gc.evolve_generation(antigen_batch_device, fitness_function)
           ^^^^^^^^^^^^^^^^^^^^^^^^^^^^^^^^^^^^^^^^^^^^^^^^^^^^^^^^^^^^^^^^^^^
  File "/mnt/c/Users/wes/desktop/te_ai/scripts/core/production_germinal_center.py", line 1197, in evolve_generation
    fitness_scores = self.batch_evaluator.evaluate_population_batch(
                     ^^^^^^^^^^^^^^^^^^^^^^^^^^^^^^^^^^^^^^^^^^^^^^^
  File "/mnt/c/Users/wes/desktop/te_ai/scripts/core/parallel_batch_evaluation.py", line 56, in evaluate_population_batch
    antigen_batch = Batch.from_data_list(antigens).to(self.device)
                    ^^^^^^^^^^^^^^^^^^^^^^^^^^^^^^
  File "/mnt/c/Users/wes/desktop/new_multi_omics_july10/venv/lib/python3.12/site-packages/torch_geometric/data/batch.py", line 97, in from_data_list
    batch, slice_dict, inc_dict = collate(
                                  ^^^^^^^^
  File "/mnt/c/Users/wes/desktop/new_multi_omics_july10/venv/lib/python3.12/site-packages/torch_geometric/data/collate.py", line 109, in collate
    value, slices, incs = _collate(attr, values, data_list, stores,
                          ^^^^^^^^^^^^^^^^^^^^^^^^^^^^^^^^^^^^^^^^^
  File "/mnt/c/Users/wes/desktop/new_multi_omics_july10/venv/lib/python3.12/site-packages/torch_geometric/data/collate.py", line 205, in _collate
    value = torch.cat(values, dim=cat_dim or 0, out=out)
            ^^^^^^^^^^^^^^^^^^^^^^^^^^^^^^^^^^^^^^^^^^^^
RuntimeError: Expected all tensors to be on the same device, but found at least two devices, cpu and cuda:1! (when checking argument for argument tensors in method wrapper_CUDA_cat)

2025-07-19 03:21:04.056 | ERROR    | error                          |    Island 'CONSTRAINED' evolution task failed: Expected all tensors to be on the same device, but found at least two devices, cpu and cuda:1! (when checking argument for argument tensors in method wrapper_CUDA_cat)
Traceback (most recent call last):
  File "/mnt/c/Users/wes/desktop/te_ai/scripts/core/advanced/archipelago_germinal_center.py", line 143, in evolve_generation
    metrics = future.result()
              ^^^^^^^^^^^^^^^
  File "/root/miniconda3/lib/python3.12/concurrent/futures/_base.py", line 449, in result
    return self.__get_result()
           ^^^^^^^^^^^^^^^^^^^
  File "/root/miniconda3/lib/python3.12/concurrent/futures/_base.py", line 401, in __get_result
    raise self._exception
  File "/root/miniconda3/lib/python3.12/concurrent/futures/thread.py", line 59, in run
    result = self.fn(*self.args, **self.kwargs)
             ^^^^^^^^^^^^^^^^^^^^^^^^^^^^^^^^^^
  File "/mnt/c/Users/wes/desktop/te_ai/scripts/core/advanced/archipelago_germinal_center.py", line 120, in _evolve_island_worker
    return island_gc.evolve_generation(antigen_batch_device, fitness_function)
           ^^^^^^^^^^^^^^^^^^^^^^^^^^^^^^^^^^^^^^^^^^^^^^^^^^^^^^^^^^^^^^^^^^^
  File "/mnt/c/Users/wes/desktop/te_ai/scripts/core/production_germinal_center.py", line 1197, in evolve_generation
    fitness_scores = self.batch_evaluator.evaluate_population_batch(
                     ^^^^^^^^^^^^^^^^^^^^^^^^^^^^^^^^^^^^^^^^^^^^^^^
  File "/mnt/c/Users/wes/desktop/te_ai/scripts/core/parallel_batch_evaluation.py", line 56, in evaluate_population_batch
    antigen_batch = Batch.from_data_list(antigens).to(self.device)
                    ^^^^^^^^^^^^^^^^^^^^^^^^^^^^^^
  File "/mnt/c/Users/wes/desktop/new_multi_omics_july10/venv/lib/python3.12/site-packages/torch_geometric/data/batch.py", line 97, in from_data_list
    batch, slice_dict, inc_dict = collate(
                                  ^^^^^^^^
  File "/mnt/c/Users/wes/desktop/new_multi_omics_july10/venv/lib/python3.12/site-packages/torch_geometric/data/collate.py", line 109, in collate
    value, slices, incs = _collate(attr, values, data_list, stores,
                          ^^^^^^^^^^^^^^^^^^^^^^^^^^^^^^^^^^^^^^^^^
  File "/mnt/c/Users/wes/desktop/new_multi_omics_july10/venv/lib/python3.12/site-packages/torch_geometric/data/collate.py", line 205, in _collate
    value = torch.cat(values, dim=cat_dim or 0, out=out)
            ^^^^^^^^^^^^^^^^^^^^^^^^^^^^^^^^^^^^^^^^^^^^
RuntimeError: Expected all tensors to be on the same device, but found at least two devices, cpu and cuda:1! (when checking argument for argument tensors in method wrapper_CUDA_cat)

2025-07-19 03:21:04.061 | ERROR    | error                          |    Island 'SCIENTIST (Accuracy-focused)' evolution task failed: Expected all tensors to be on the same device, but found at least two devices, cpu and cuda:1! (when checking argument for argument tensors in method wrapper_CUDA_cat)
Traceback (most recent call last):
  File "/mnt/c/Users/wes/desktop/te_ai/scripts/core/advanced/archipelago_germinal_center.py", line 143, in evolve_generation
    metrics = future.result()
              ^^^^^^^^^^^^^^^
  File "/root/miniconda3/lib/python3.12/concurrent/futures/_base.py", line 449, in result
    return self.__get_result()
           ^^^^^^^^^^^^^^^^^^^
  File "/root/miniconda3/lib/python3.12/concurrent/futures/_base.py", line 401, in __get_result
    raise self._exception
  File "/root/miniconda3/lib/python3.12/concurrent/futures/thread.py", line 59, in run
    result = self.fn(*self.args, **self.kwargs)
             ^^^^^^^^^^^^^^^^^^^^^^^^^^^^^^^^^^
  File "/mnt/c/Users/wes/desktop/te_ai/scripts/core/advanced/archipelago_germinal_center.py", line 120, in _evolve_island_worker
    return island_gc.evolve_generation(antigen_batch_device, fitness_function)
           ^^^^^^^^^^^^^^^^^^^^^^^^^^^^^^^^^^^^^^^^^^^^^^^^^^^^^^^^^^^^^^^^^^^
  File "/mnt/c/Users/wes/desktop/te_ai/scripts/core/production_germinal_center.py", line 1197, in evolve_generation
    fitness_scores = self.batch_evaluator.evaluate_population_batch(
                     ^^^^^^^^^^^^^^^^^^^^^^^^^^^^^^^^^^^^^^^^^^^^^^^
  File "/mnt/c/Users/wes/desktop/te_ai/scripts/core/parallel_batch_evaluation.py", line 56, in evaluate_population_batch
    antigen_batch = Batch.from_data_list(antigens).to(self.device)
                    ^^^^^^^^^^^^^^^^^^^^^^^^^^^^^^
  File "/mnt/c/Users/wes/desktop/new_multi_omics_july10/venv/lib/python3.12/site-packages/torch_geometric/data/batch.py", line 97, in from_data_list
    batch, slice_dict, inc_dict = collate(
                                  ^^^^^^^^
  File "/mnt/c/Users/wes/desktop/new_multi_omics_july10/venv/lib/python3.12/site-packages/torch_geometric/data/collate.py", line 109, in collate
    value, slices, incs = _collate(attr, values, data_list, stores,
                          ^^^^^^^^^^^^^^^^^^^^^^^^^^^^^^^^^^^^^^^^^
  File "/mnt/c/Users/wes/desktop/new_multi_omics_july10/venv/lib/python3.12/site-packages/torch_geometric/data/collate.py", line 205, in _collate
    value = torch.cat(values, dim=cat_dim or 0, out=out)
            ^^^^^^^^^^^^^^^^^^^^^^^^^^^^^^^^^^^^^^^^^^^^
RuntimeError: Expected all tensors to be on the same device, but found at least two devices, cpu and cuda:1! (when checking argument for argument tensors in method wrapper_CUDA_cat)

2025-07-19 03:21:04.064 | ERROR    | error                          |    Island 'ENGINEER (Speed-focused)' evolution task failed: Expected all tensors to be on the same device, but found at least two devices, cpu and cuda:1! (when checking argument for argument tensors in method wrapper_CUDA_cat)
Traceback (most recent call last):
  File "/mnt/c/Users/wes/desktop/te_ai/scripts/core/advanced/archipelago_germinal_center.py", line 143, in evolve_generation
    metrics = future.result()
              ^^^^^^^^^^^^^^^
  File "/root/miniconda3/lib/python3.12/concurrent/futures/_base.py", line 449, in result
    return self.__get_result()
           ^^^^^^^^^^^^^^^^^^^
  File "/root/miniconda3/lib/python3.12/concurrent/futures/_base.py", line 401, in __get_result
    raise self._exception
  File "/root/miniconda3/lib/python3.12/concurrent/futures/thread.py", line 59, in run
    result = self.fn(*self.args, **self.kwargs)
             ^^^^^^^^^^^^^^^^^^^^^^^^^^^^^^^^^^
  File "/mnt/c/Users/wes/desktop/te_ai/scripts/core/advanced/archipelago_germinal_center.py", line 120, in _evolve_island_worker
    return island_gc.evolve_generation(antigen_batch_device, fitness_function)
           ^^^^^^^^^^^^^^^^^^^^^^^^^^^^^^^^^^^^^^^^^^^^^^^^^^^^^^^^^^^^^^^^^^^
  File "/mnt/c/Users/wes/desktop/te_ai/scripts/core/production_germinal_center.py", line 1197, in evolve_generation
    fitness_scores = self.batch_evaluator.evaluate_population_batch(
                     ^^^^^^^^^^^^^^^^^^^^^^^^^^^^^^^^^^^^^^^^^^^^^^^
  File "/mnt/c/Users/wes/desktop/te_ai/scripts/core/parallel_batch_evaluation.py", line 56, in evaluate_population_batch
    antigen_batch = Batch.from_data_list(antigens).to(self.device)
                    ^^^^^^^^^^^^^^^^^^^^^^^^^^^^^^
  File "/mnt/c/Users/wes/desktop/new_multi_omics_july10/venv/lib/python3.12/site-packages/torch_geometric/data/batch.py", line 97, in from_data_list
    batch, slice_dict, inc_dict = collate(
                                  ^^^^^^^^
  File "/mnt/c/Users/wes/desktop/new_multi_omics_july10/venv/lib/python3.12/site-packages/torch_geometric/data/collate.py", line 109, in collate
    value, slices, incs = _collate(attr, values, data_list, stores,
                          ^^^^^^^^^^^^^^^^^^^^^^^^^^^^^^^^^^^^^^^^^
  File "/mnt/c/Users/wes/desktop/new_multi_omics_july10/venv/lib/python3.12/site-packages/torch_geometric/data/collate.py", line 205, in _collate
    value = torch.cat(values, dim=cat_dim or 0, out=out)
            ^^^^^^^^^^^^^^^^^^^^^^^^^^^^^^^^^^^^^^^^^^^^
RuntimeError: Expected all tensors to be on the same device, but found at least two devices, cpu and cuda:1! (when checking argument for argument tensors in method wrapper_CUDA_cat)

2025-07-19 03:21:47.931 | INFO     | info                           |    Evaluated 95 cells using 'calculate_robustness_fitness':
2025-07-19 03:21:47.932 | INFO     | info                           |       ‚Ä¢ Raw Accuracy Metrics: Avg=0.546, Best=0.778
2025-07-19 03:21:47.932 | INFO     | info                           |       ‚Ä¢ Inference Time: Avg=14.15ms, Best=5.89ms
2025-07-19 03:21:47.932 | INFO     | info                           |    üèÜüèÜüèÜüèÜ New Hall of Fame Champion on ROBUSTNESS! Cell f51f57b9 with fitness 0.7783üèÜüèÜüèÜüèÜ
2025-07-19 03:21:47.934 | INFO     | info                           | 
üìà Phase 2: Metrics and Stress Detection
2025-07-19 03:21:47.993 | INFO     | info                           |    [1müìä Metrics:[0m [36müí™ Fitness: 0.543 ¬± 0.005[0m, [35müåø Diversity: 4.634[0m, [33müß¨ Genes: 133[0m
2025-07-19 03:21:47.993 | INFO     | info                           |    Stress factors: stagnation=N/A, diversity=0.00, variance=0.01, phase=0.00
2025-07-19 03:21:47.993 | INFO     | info                           |    Combined amplified stress: 0.006
2025-07-19 03:21:47.994 | INFO     | info                           |    Current stress level: 0.006
2025-07-19 03:21:47.994 | INFO     | info                           | 
üîçüîç  Phase 3: Phase Transition Analysis  üîçüîç
2025-07-19 03:21:47.995 | INFO     | info                           | 
üß¨üß¨ Phase 5: Selection and Reproduction (Optimized) üß¨üß¨
2025-07-19 03:21:47.996 | INFO     | info                           |    Selection complete: 66 survivors, 29 to be replaced.
2025-07-19 03:21:48.054 | ERROR    | error                          |    Island 'ROBUSTNESS' evolution task failed: DetailedLogger.error() got an unexpected keyword argument 'exc_info'
Traceback (most recent call last):
  File "/mnt/c/Users/wes/desktop/te_ai/scripts/core/clone_operation.py", line 118, in fast_clone
    child = child.to(device)  # <--- THE FIX: move the whole cell to device
            ^^^^^^^^^^^^^^^^
  File "/mnt/c/Users/wes/desktop/new_multi_omics_july10/venv/lib/python3.12/site-packages/torch/nn/modules/module.py", line 1355, in to
    return self._apply(convert)
           ^^^^^^^^^^^^^^^^^^^^
  File "/mnt/c/Users/wes/desktop/new_multi_omics_july10/venv/lib/python3.12/site-packages/torch/nn/modules/module.py", line 915, in _apply
    module._apply(fn)
  File "/mnt/c/Users/wes/desktop/new_multi_omics_july10/venv/lib/python3.12/site-packages/torch/nn/modules/module.py", line 915, in _apply
    module._apply(fn)
  File "/mnt/c/Users/wes/desktop/new_multi_omics_july10/venv/lib/python3.12/site-packages/torch/nn/modules/module.py", line 915, in _apply
    module._apply(fn)
  [Previous line repeated 1 more time]
  File "/mnt/c/Users/wes/desktop/new_multi_omics_july10/venv/lib/python3.12/site-packages/torch/nn/modules/module.py", line 942, in _apply
    param_applied = fn(param)
                    ^^^^^^^^^
  File "/mnt/c/Users/wes/desktop/new_multi_omics_july10/venv/lib/python3.12/site-packages/torch/nn/modules/module.py", line 1341, in convert
    return t.to(
           ^^^^^
torch.OutOfMemoryError: CUDA out of memory. Tried to allocate 18.00 MiB. GPU 0 has a total capacity of 24.00 GiB of which 0 bytes is free. Including non-PyTorch memory, this process has 17179869184.00 GiB memory in use. Including non-PyTorch memory, this process has 17179869184.00 GiB memory in use. 22.80 GiB allowed; Of the allocated memory 21.05 GiB is allocated by PyTorch, and 1.74 GiB is reserved by PyTorch but unallocated. If reserved but unallocated memory is large try setting PYTORCH_CUDA_ALLOC_CONF=expandable_segments:True to avoid fragmentation.  See documentation for Memory Management  (https://pytorch.org/docs/stable/notes/cuda.html#environment-variables)

During handling of the above exception, another exception occurred:

Traceback (most recent call last):
  File "/mnt/c/Users/wes/desktop/te_ai/scripts/core/advanced/archipelago_germinal_center.py", line 143, in evolve_generation
    metrics = future.result()
              ^^^^^^^^^^^^^^^
  File "/root/miniconda3/lib/python3.12/concurrent/futures/_base.py", line 449, in result
    return self.__get_result()
           ^^^^^^^^^^^^^^^^^^^
  File "/root/miniconda3/lib/python3.12/concurrent/futures/_base.py", line 401, in __get_result
    raise self._exception
  File "/root/miniconda3/lib/python3.12/concurrent/futures/thread.py", line 59, in run
    result = self.fn(*self.args, **self.kwargs)
             ^^^^^^^^^^^^^^^^^^^^^^^^^^^^^^^^^^
  File "/mnt/c/Users/wes/desktop/te_ai/scripts/core/advanced/archipelago_germinal_center.py", line 120, in _evolve_island_worker
    return island_gc.evolve_generation(antigen_batch_device, fitness_function)
           ^^^^^^^^^^^^^^^^^^^^^^^^^^^^^^^^^^^^^^^^^^^^^^^^^^^^^^^^^^^^^^^^^^^
  File "/mnt/c/Users/wes/desktop/te_ai/scripts/core/production_germinal_center.py", line 1239, in evolve_generation
    self._selection_and_reproduction_fast(fitness_scores)
  File "/mnt/c/Users/wes/desktop/te_ai/scripts/core/production_germinal_center.py", line 1315, in _selection_and_reproduction_fast
    child = self.clone_pool.fast_clone(parent)
            ^^^^^^^^^^^^^^^^^^^^^^^^^^^^^^^^^^
  File "/mnt/c/Users/wes/desktop/te_ai/scripts/core/clone_operation.py", line 137, in fast_clone
    logger.error(f"Fast clone failed: {e}, using fallback method", exc_info=True)
TypeError: DetailedLogger.error() got an unexpected keyword argument 'exc_info'

2025-07-19 03:21:48.054 | INFO     | info                           | 
   All islands have completed Generation 2.
2025-07-19 03:21:48.063 | INFO     | info                           | 
============================== ARCHIPELAGO GENERATION 3 ==============================
2025-07-19 03:21:48.064 | INFO     | info                           |    üß™ Submitting task for 'SCIENTIST (Accuracy-focused)' Island on cuda:0...
2025-07-19 03:21:48.064 | INFO     | info                           |    ‚ö° Submitting task for 'ENGINEER (Speed-focused)' Island on cuda:0...
2025-07-19 03:21:48.064 | INFO     | info                           |    üèùÔ∏è Submitting task for 'CONSTRAINED' Island on cuda:0...
2025-07-19 03:21:48.065 | INFO     | info                           |    üèùÔ∏è Submitting task for 'NOVELTY' Island on cuda:0...
2025-07-19 03:21:48.066 | INFO     | info                           |    üèùÔ∏è Submitting task for 'ROBUSTNESS' Island on cuda:1...
2025-07-19 03:21:48.066 | INFO     | info                           |    All island tasks submitted. Waiting for completion...
2025-07-19 03:21:48.098 | INFO     | info                           | 
================================================================================
2025-07-19 03:21:48.098 | INFO     | info                           | 
================================================================================
2025-07-19 03:21:48.098 | INFO     | info                           | 
================================================================================
2025-07-19 03:21:48.098 | INFO     | info                           | 
================================================================================
2025-07-19 03:21:48.099 | INFO     | info                           | GENERATION 3 on cuda:0 [üß™ SCIENTIST (Accuracy-focused)]
2025-07-19 03:21:48.102 | INFO     | info                           | 
================================================================================
2025-07-19 03:21:48.102 | INFO     | info                           | GENERATION 3 on cuda:0 [‚ö° ENGINEER (Speed-focused)]
2025-07-19 03:21:48.103 | INFO     | info                           | GENERATION 3 on cuda:0 [üèùÔ∏è CONSTRAINED]
2025-07-19 03:21:48.104 | INFO     | info                           | GENERATION 3 on cuda:0 [üèùÔ∏è NOVELTY]
2025-07-19 03:21:48.104 | INFO     | info                           | ================================================================================
2025-07-19 03:21:48.104 | INFO     | info                           | GENERATION 3 on cuda:1 [üèùÔ∏è ROBUSTNESS]
2025-07-19 03:21:48.104 | INFO     | info                           | ================================================================================
2025-07-19 03:21:48.105 | INFO     | info                           | ================================================================================
2025-07-19 03:21:48.105 | INFO     | info                           | ================================================================================
2025-07-19 03:21:48.105 | INFO     | info                           | ================================================================================
2025-07-19 03:21:48.135 | INFO     | info                           | 
üìä Phase 1: Fitness Evaluation (Optimized)
2025-07-19 03:21:48.135 | INFO     | info                           | 
üìä Phase 1: Fitness Evaluation (Optimized)
2025-07-19 03:21:48.135 | INFO     | info                           | 
üìä Phase 1: Fitness Evaluation (Optimized)
2025-07-19 03:21:48.135 | INFO     | info                           | 
üìä Phase 1: Fitness Evaluation (Optimized)
2025-07-19 03:21:48.135 | INFO     | info                           | 
üìä Phase 1: Fitness Evaluation (Optimized)
2025-07-19 03:21:48.220 | ERROR    | error                          |    Island 'ENGINEER (Speed-focused)' evolution task failed: CUDA out of memory. Tried to allocate 20.00 MiB. GPU 0 has a total capacity of 24.00 GiB of which 0 bytes is free. Including non-PyTorch memory, this process has 17179869184.00 GiB memory in use. Including non-PyTorch memory, this process has 17179869184.00 GiB memory in use. 22.80 GiB allowed; Of the allocated memory 21.07 GiB is allocated by PyTorch, and 1.72 GiB is reserved by PyTorch but unallocated. If reserved but unallocated memory is large try setting PYTORCH_CUDA_ALLOC_CONF=expandable_segments:True to avoid fragmentation.  See documentation for Memory Management  (https://pytorch.org/docs/stable/notes/cuda.html#environment-variables)
Traceback (most recent call last):
  File "/mnt/c/Users/wes/desktop/te_ai/scripts/core/advanced/archipelago_germinal_center.py", line 143, in evolve_generation
    metrics = future.result()
              ^^^^^^^^^^^^^^^
  File "/root/miniconda3/lib/python3.12/concurrent/futures/_base.py", line 449, in result
    return self.__get_result()
           ^^^^^^^^^^^^^^^^^^^
  File "/root/miniconda3/lib/python3.12/concurrent/futures/_base.py", line 401, in __get_result
    raise self._exception
  File "/root/miniconda3/lib/python3.12/concurrent/futures/thread.py", line 59, in run
    result = self.fn(*self.args, **self.kwargs)
             ^^^^^^^^^^^^^^^^^^^^^^^^^^^^^^^^^^
  File "/mnt/c/Users/wes/desktop/te_ai/scripts/core/advanced/archipelago_germinal_center.py", line 120, in _evolve_island_worker
    return island_gc.evolve_generation(antigen_batch_device, fitness_function)
           ^^^^^^^^^^^^^^^^^^^^^^^^^^^^^^^^^^^^^^^^^^^^^^^^^^^^^^^^^^^^^^^^^^^
  File "/mnt/c/Users/wes/desktop/te_ai/scripts/core/production_germinal_center.py", line 1197, in evolve_generation
    fitness_scores = self.batch_evaluator.evaluate_population_batch(
                     ^^^^^^^^^^^^^^^^^^^^^^^^^^^^^^^^^^^^^^^^^^^^^^^
  File "/mnt/c/Users/wes/desktop/te_ai/scripts/core/parallel_batch_evaluation.py", line 72, in evaluate_population_batch
    predicted_score, _, _ = cell(antigen_batch)
                            ^^^^^^^^^^^^^^^^^^^
  File "/mnt/c/Users/wes/desktop/new_multi_omics_july10/venv/lib/python3.12/site-packages/torch/nn/modules/module.py", line 1751, in _wrapped_call_impl
    return self._call_impl(*args, **kwargs)
           ^^^^^^^^^^^^^^^^^^^^^^^^^^^^^^^^
  File "/mnt/c/Users/wes/desktop/new_multi_omics_july10/venv/lib/python3.12/site-packages/torch/nn/modules/module.py", line 1762, in _call_impl
    return forward_call(*args, **kwargs)
           ^^^^^^^^^^^^^^^^^^^^^^^^^^^^^
  File "/mnt/c/Users/wes/desktop/te_ai/scripts/core/production_b_cell.py", line 176, in forward
    gene_output = gene(**call_args)
                  ^^^^^^^^^^^^^^^^^
  File "/mnt/c/Users/wes/desktop/new_multi_omics_july10/venv/lib/python3.12/site-packages/torch/nn/modules/module.py", line 1751, in _wrapped_call_impl
    return self._call_impl(*args, **kwargs)
           ^^^^^^^^^^^^^^^^^^^^^^^^^^^^^^^^
  File "/mnt/c/Users/wes/desktop/new_multi_omics_july10/venv/lib/python3.12/site-packages/torch/nn/modules/module.py", line 1762, in _call_impl
    return forward_call(*args, **kwargs)
           ^^^^^^^^^^^^^^^^^^^^^^^^^^^^^
  File "/mnt/c/Users/wes/desktop/te_ai/scripts/core/ode.py", line 209, in forward
    h_trajectory = odeint(
                   ^^^^^^^
  File "/mnt/c/Users/wes/desktop/new_multi_omics_july10/venv/lib/python3.12/site-packages/torchdiffeq/_impl/adjoint.py", line 206, in odeint_adjoint
    ans = OdeintAdjointMethod.apply(shapes, func, y0, t, rtol, atol, method, options, event_fn, adjoint_rtol, adjoint_atol,
          ^^^^^^^^^^^^^^^^^^^^^^^^^^^^^^^^^^^^^^^^^^^^^^^^^^^^^^^^^^^^^^^^^^^^^^^^^^^^^^^^^^^^^^^^^^^^^^^^^^^^^^^^^^^^^^^^^
  File "/mnt/c/Users/wes/desktop/new_multi_omics_july10/venv/lib/python3.12/site-packages/torch/autograd/function.py", line 575, in apply
    return super().apply(*args, **kwargs)  # type: ignore[misc]
           ^^^^^^^^^^^^^^^^^^^^^^^^^^^^^^
  File "/mnt/c/Users/wes/desktop/new_multi_omics_july10/venv/lib/python3.12/site-packages/torchdiffeq/_impl/adjoint.py", line 24, in forward
    ans = odeint(func, y0, t, rtol=rtol, atol=atol, method=method, options=options, event_fn=event_fn)
          ^^^^^^^^^^^^^^^^^^^^^^^^^^^^^^^^^^^^^^^^^^^^^^^^^^^^^^^^^^^^^^^^^^^^^^^^^^^^^^^^^^^^^^^^^^^^
  File "/mnt/c/Users/wes/desktop/new_multi_omics_july10/venv/lib/python3.12/site-packages/torchdiffeq/_impl/odeint.py", line 80, in odeint
    solution = solver.integrate(t)
               ^^^^^^^^^^^^^^^^^^^
  File "/mnt/c/Users/wes/desktop/new_multi_omics_july10/venv/lib/python3.12/site-packages/torchdiffeq/_impl/solvers.py", line 29, in integrate
    solution = torch.empty(len(t), *self.y0.shape, dtype=self.y0.dtype, device=self.y0.device)
               ^^^^^^^^^^^^^^^^^^^^^^^^^^^^^^^^^^^^^^^^^^^^^^^^^^^^^^^^^^^^^^^^^^^^^^^^^^^^^^^
torch.OutOfMemoryError: CUDA out of memory. Tried to allocate 20.00 MiB. GPU 0 has a total capacity of 24.00 GiB of which 0 bytes is free. Including non-PyTorch memory, this process has 17179869184.00 GiB memory in use. Including non-PyTorch memory, this process has 17179869184.00 GiB memory in use. 22.80 GiB allowed; Of the allocated memory 21.07 GiB is allocated by PyTorch, and 1.72 GiB is reserved by PyTorch but unallocated. If reserved but unallocated memory is large try setting PYTORCH_CUDA_ALLOC_CONF=expandable_segments:True to avoid fragmentation.  See documentation for Memory Management  (https://pytorch.org/docs/stable/notes/cuda.html#environment-variables)

2025-07-19 03:21:48.231 | ERROR    | error                          |    Island 'ROBUSTNESS' evolution task failed: CUDA out of memory. Tried to allocate 20.00 MiB. GPU 0 has a total capacity of 24.00 GiB of which 0 bytes is free. Including non-PyTorch memory, this process has 17179869184.00 GiB memory in use. Including non-PyTorch memory, this process has 17179869184.00 GiB memory in use. 22.80 GiB allowed; Of the allocated memory 21.07 GiB is allocated by PyTorch, and 1.72 GiB is reserved by PyTorch but unallocated. If reserved but unallocated memory is large try setting PYTORCH_CUDA_ALLOC_CONF=expandable_segments:True to avoid fragmentation.  See documentation for Memory Management  (https://pytorch.org/docs/stable/notes/cuda.html#environment-variables)
Traceback (most recent call last):
  File "/mnt/c/Users/wes/desktop/te_ai/scripts/core/advanced/archipelago_germinal_center.py", line 143, in evolve_generation
    metrics = future.result()
              ^^^^^^^^^^^^^^^
  File "/root/miniconda3/lib/python3.12/concurrent/futures/_base.py", line 449, in result
    return self.__get_result()
           ^^^^^^^^^^^^^^^^^^^
  File "/root/miniconda3/lib/python3.12/concurrent/futures/_base.py", line 401, in __get_result
    raise self._exception
  File "/root/miniconda3/lib/python3.12/concurrent/futures/thread.py", line 59, in run
    result = self.fn(*self.args, **self.kwargs)
             ^^^^^^^^^^^^^^^^^^^^^^^^^^^^^^^^^^
  File "/mnt/c/Users/wes/desktop/te_ai/scripts/core/advanced/archipelago_germinal_center.py", line 120, in _evolve_island_worker
    return island_gc.evolve_generation(antigen_batch_device, fitness_function)
           ^^^^^^^^^^^^^^^^^^^^^^^^^^^^^^^^^^^^^^^^^^^^^^^^^^^^^^^^^^^^^^^^^^^
  File "/mnt/c/Users/wes/desktop/te_ai/scripts/core/production_germinal_center.py", line 1197, in evolve_generation
    fitness_scores = self.batch_evaluator.evaluate_population_batch(
                     ^^^^^^^^^^^^^^^^^^^^^^^^^^^^^^^^^^^^^^^^^^^^^^^
  File "/mnt/c/Users/wes/desktop/te_ai/scripts/core/parallel_batch_evaluation.py", line 72, in evaluate_population_batch
    predicted_score, _, _ = cell(antigen_batch)
                            ^^^^^^^^^^^^^^^^^^^
  File "/mnt/c/Users/wes/desktop/new_multi_omics_july10/venv/lib/python3.12/site-packages/torch/nn/modules/module.py", line 1751, in _wrapped_call_impl
    return self._call_impl(*args, **kwargs)
           ^^^^^^^^^^^^^^^^^^^^^^^^^^^^^^^^
  File "/mnt/c/Users/wes/desktop/new_multi_omics_july10/venv/lib/python3.12/site-packages/torch/nn/modules/module.py", line 1762, in _call_impl
    return forward_call(*args, **kwargs)
           ^^^^^^^^^^^^^^^^^^^^^^^^^^^^^
  File "/mnt/c/Users/wes/desktop/te_ai/scripts/core/production_b_cell.py", line 176, in forward
    gene_output = gene(**call_args)
                  ^^^^^^^^^^^^^^^^^
  File "/mnt/c/Users/wes/desktop/new_multi_omics_july10/venv/lib/python3.12/site-packages/torch/nn/modules/module.py", line 1751, in _wrapped_call_impl
    return self._call_impl(*args, **kwargs)
           ^^^^^^^^^^^^^^^^^^^^^^^^^^^^^^^^
  File "/mnt/c/Users/wes/desktop/new_multi_omics_july10/venv/lib/python3.12/site-packages/torch/nn/modules/module.py", line 1762, in _call_impl
    return forward_call(*args, **kwargs)
           ^^^^^^^^^^^^^^^^^^^^^^^^^^^^^
  File "/mnt/c/Users/wes/desktop/te_ai/scripts/core/ode.py", line 209, in forward
    h_trajectory = odeint(
                   ^^^^^^^
  File "/mnt/c/Users/wes/desktop/new_multi_omics_july10/venv/lib/python3.12/site-packages/torchdiffeq/_impl/adjoint.py", line 206, in odeint_adjoint
    ans = OdeintAdjointMethod.apply(shapes, func, y0, t, rtol, atol, method, options, event_fn, adjoint_rtol, adjoint_atol,
          ^^^^^^^^^^^^^^^^^^^^^^^^^^^^^^^^^^^^^^^^^^^^^^^^^^^^^^^^^^^^^^^^^^^^^^^^^^^^^^^^^^^^^^^^^^^^^^^^^^^^^^^^^^^^^^^^^
  File "/mnt/c/Users/wes/desktop/new_multi_omics_july10/venv/lib/python3.12/site-packages/torch/autograd/function.py", line 575, in apply
    return super().apply(*args, **kwargs)  # type: ignore[misc]
           ^^^^^^^^^^^^^^^^^^^^^^^^^^^^^^
  File "/mnt/c/Users/wes/desktop/new_multi_omics_july10/venv/lib/python3.12/site-packages/torchdiffeq/_impl/adjoint.py", line 24, in forward
    ans = odeint(func, y0, t, rtol=rtol, atol=atol, method=method, options=options, event_fn=event_fn)
          ^^^^^^^^^^^^^^^^^^^^^^^^^^^^^^^^^^^^^^^^^^^^^^^^^^^^^^^^^^^^^^^^^^^^^^^^^^^^^^^^^^^^^^^^^^^^
  File "/mnt/c/Users/wes/desktop/new_multi_omics_july10/venv/lib/python3.12/site-packages/torchdiffeq/_impl/odeint.py", line 80, in odeint
    solution = solver.integrate(t)
               ^^^^^^^^^^^^^^^^^^^
  File "/mnt/c/Users/wes/desktop/new_multi_omics_july10/venv/lib/python3.12/site-packages/torchdiffeq/_impl/solvers.py", line 29, in integrate
    solution = torch.empty(len(t), *self.y0.shape, dtype=self.y0.dtype, device=self.y0.device)
               ^^^^^^^^^^^^^^^^^^^^^^^^^^^^^^^^^^^^^^^^^^^^^^^^^^^^^^^^^^^^^^^^^^^^^^^^^^^^^^^
torch.OutOfMemoryError: CUDA out of memory. Tried to allocate 20.00 MiB. GPU 0 has a total capacity of 24.00 GiB of which 0 bytes is free. Including non-PyTorch memory, this process has 17179869184.00 GiB memory in use. Including non-PyTorch memory, this process has 17179869184.00 GiB memory in use. 22.80 GiB allowed; Of the allocated memory 21.07 GiB is allocated by PyTorch, and 1.72 GiB is reserved by PyTorch but unallocated. If reserved but unallocated memory is large try setting PYTORCH_CUDA_ALLOC_CONF=expandable_segments:True to avoid fragmentation.  See documentation for Memory Management  (https://pytorch.org/docs/stable/notes/cuda.html#environment-variables)

2025-07-19 03:21:54.565 | ERROR    | error                          |    Island 'SCIENTIST (Accuracy-focused)' evolution task failed: CUDA out of memory. Tried to allocate 20.00 MiB. GPU 0 has a total capacity of 24.00 GiB of which 0 bytes is free. Including non-PyTorch memory, this process has 17179869184.00 GiB memory in use. Including non-PyTorch memory, this process has 17179869184.00 GiB memory in use. 22.80 GiB allowed; Of the allocated memory 21.11 GiB is allocated by PyTorch, and 1.68 GiB is reserved by PyTorch but unallocated. If reserved but unallocated memory is large try setting PYTORCH_CUDA_ALLOC_CONF=expandable_segments:True to avoid fragmentation.  See documentation for Memory Management  (https://pytorch.org/docs/stable/notes/cuda.html#environment-variables)
Traceback (most recent call last):
  File "/mnt/c/Users/wes/desktop/te_ai/scripts/core/advanced/archipelago_germinal_center.py", line 143, in evolve_generation
    metrics = future.result()
              ^^^^^^^^^^^^^^^
  File "/root/miniconda3/lib/python3.12/concurrent/futures/_base.py", line 449, in result
    return self.__get_result()
           ^^^^^^^^^^^^^^^^^^^
  File "/root/miniconda3/lib/python3.12/concurrent/futures/_base.py", line 401, in __get_result
    raise self._exception
  File "/root/miniconda3/lib/python3.12/concurrent/futures/thread.py", line 59, in run
    result = self.fn(*self.args, **self.kwargs)
             ^^^^^^^^^^^^^^^^^^^^^^^^^^^^^^^^^^
  File "/mnt/c/Users/wes/desktop/te_ai/scripts/core/advanced/archipelago_germinal_center.py", line 120, in _evolve_island_worker
    return island_gc.evolve_generation(antigen_batch_device, fitness_function)
           ^^^^^^^^^^^^^^^^^^^^^^^^^^^^^^^^^^^^^^^^^^^^^^^^^^^^^^^^^^^^^^^^^^^
  File "/mnt/c/Users/wes/desktop/te_ai/scripts/core/production_germinal_center.py", line 1197, in evolve_generation
    fitness_scores = self.batch_evaluator.evaluate_population_batch(
                     ^^^^^^^^^^^^^^^^^^^^^^^^^^^^^^^^^^^^^^^^^^^^^^^
  File "/mnt/c/Users/wes/desktop/te_ai/scripts/core/parallel_batch_evaluation.py", line 72, in evaluate_population_batch
    predicted_score, _, _ = cell(antigen_batch)
                            ^^^^^^^^^^^^^^^^^^^
  File "/mnt/c/Users/wes/desktop/new_multi_omics_july10/venv/lib/python3.12/site-packages/torch/nn/modules/module.py", line 1751, in _wrapped_call_impl
    return self._call_impl(*args, **kwargs)
           ^^^^^^^^^^^^^^^^^^^^^^^^^^^^^^^^
  File "/mnt/c/Users/wes/desktop/new_multi_omics_july10/venv/lib/python3.12/site-packages/torch/nn/modules/module.py", line 1762, in _call_impl
    return forward_call(*args, **kwargs)
           ^^^^^^^^^^^^^^^^^^^^^^^^^^^^^
  File "/mnt/c/Users/wes/desktop/te_ai/scripts/core/production_b_cell.py", line 176, in forward
    gene_output = gene(**call_args)
                  ^^^^^^^^^^^^^^^^^
  File "/mnt/c/Users/wes/desktop/new_multi_omics_july10/venv/lib/python3.12/site-packages/torch/nn/modules/module.py", line 1751, in _wrapped_call_impl
    return self._call_impl(*args, **kwargs)
           ^^^^^^^^^^^^^^^^^^^^^^^^^^^^^^^^
  File "/mnt/c/Users/wes/desktop/new_multi_omics_july10/venv/lib/python3.12/site-packages/torch/nn/modules/module.py", line 1762, in _call_impl
    return forward_call(*args, **kwargs)
           ^^^^^^^^^^^^^^^^^^^^^^^^^^^^^
  File "/mnt/c/Users/wes/desktop/te_ai/scripts/core/ode.py", line 209, in forward
    h_trajectory = odeint(
                   ^^^^^^^
  File "/mnt/c/Users/wes/desktop/new_multi_omics_july10/venv/lib/python3.12/site-packages/torchdiffeq/_impl/adjoint.py", line 206, in odeint_adjoint
    ans = OdeintAdjointMethod.apply(shapes, func, y0, t, rtol, atol, method, options, event_fn, adjoint_rtol, adjoint_atol,
          ^^^^^^^^^^^^^^^^^^^^^^^^^^^^^^^^^^^^^^^^^^^^^^^^^^^^^^^^^^^^^^^^^^^^^^^^^^^^^^^^^^^^^^^^^^^^^^^^^^^^^^^^^^^^^^^^^
  File "/mnt/c/Users/wes/desktop/new_multi_omics_july10/venv/lib/python3.12/site-packages/torch/autograd/function.py", line 575, in apply
    return super().apply(*args, **kwargs)  # type: ignore[misc]
           ^^^^^^^^^^^^^^^^^^^^^^^^^^^^^^
  File "/mnt/c/Users/wes/desktop/new_multi_omics_july10/venv/lib/python3.12/site-packages/torchdiffeq/_impl/adjoint.py", line 24, in forward
    ans = odeint(func, y0, t, rtol=rtol, atol=atol, method=method, options=options, event_fn=event_fn)
          ^^^^^^^^^^^^^^^^^^^^^^^^^^^^^^^^^^^^^^^^^^^^^^^^^^^^^^^^^^^^^^^^^^^^^^^^^^^^^^^^^^^^^^^^^^^^
  File "/mnt/c/Users/wes/desktop/new_multi_omics_july10/venv/lib/python3.12/site-packages/torchdiffeq/_impl/odeint.py", line 80, in odeint
    solution = solver.integrate(t)
               ^^^^^^^^^^^^^^^^^^^
  File "/mnt/c/Users/wes/desktop/new_multi_omics_july10/venv/lib/python3.12/site-packages/torchdiffeq/_impl/solvers.py", line 29, in integrate
    solution = torch.empty(len(t), *self.y0.shape, dtype=self.y0.dtype, device=self.y0.device)
               ^^^^^^^^^^^^^^^^^^^^^^^^^^^^^^^^^^^^^^^^^^^^^^^^^^^^^^^^^^^^^^^^^^^^^^^^^^^^^^^
torch.OutOfMemoryError: CUDA out of memory. Tried to allocate 20.00 MiB. GPU 0 has a total capacity of 24.00 GiB of which 0 bytes is free. Including non-PyTorch memory, this process has 17179869184.00 GiB memory in use. Including non-PyTorch memory, this process has 17179869184.00 GiB memory in use. 22.80 GiB allowed; Of the allocated memory 21.11 GiB is allocated by PyTorch, and 1.68 GiB is reserved by PyTorch but unallocated. If reserved but unallocated memory is large try setting PYTORCH_CUDA_ALLOC_CONF=expandable_segments:True to avoid fragmentation.  See documentation for Memory Management  (https://pytorch.org/docs/stable/notes/cuda.html#environment-variables)

2025-07-19 03:22:49.384 | INFO     | info                           |    Evaluated 64 cells using 'calculate_constrained_fitness':
2025-07-19 03:22:49.385 | INFO     | info                           |       ‚Ä¢ Raw Accuracy Metrics: Avg=0.571, Best=0.796
2025-07-19 03:22:49.386 | INFO     | info                           |       ‚Ä¢ Inference Time: Avg=29.01ms, Best=8.23ms
2025-07-19 03:22:49.387 | INFO     | info                           |    üèÜüèÜüèÜüèÜ New Hall of Fame Champion on CONSTRAINED! Cell a7ccf621 with fitness 0.7956üèÜüèÜüèÜüèÜ
2025-07-19 03:22:49.388 | INFO     | info                           | 
üìà Phase 2: Metrics and Stress Detection
2025-07-19 03:22:49.450 | INFO     | info                           |    [1müìä Metrics:[0m [36müí™ Fitness: 0.560 ¬± 0.008[0m, [35müåø Diversity: 4.767[0m, [33müß¨ Genes: 153[0m
2025-07-19 03:22:49.450 | INFO     | info                           |    Stress factors: stagnation=N/A, diversity=0.00, variance=0.02, phase=0.00
2025-07-19 03:22:49.450 | INFO     | info                           |    Combined amplified stress: 0.010
2025-07-19 03:22:49.451 | INFO     | info                           | 
üî• DEBUG: Forcing maximum stress at Generation 3.
2025-07-19 03:22:49.451 | INFO     | info                           |    Current stress level: 1.000
2025-07-19 03:22:49.451 | INFO     | info                           | 
üîçüîç  Phase 3: Phase Transition Analysis  üîçüîç
2025-07-19 03:22:49.452 | INFO     | info                           | 
‚ö†Ô∏è‚ö†Ô∏è   Phase 4: High Stress Response (stress=1.000)  ‚ö†Ô∏è ‚ö†Ô∏è 
2025-07-19 03:22:49.453 | INFO     | info                           |    Executing stress response protocols:
2025-07-19 03:22:49.453 | INFO     | info                           |    ‚Ä¢ Triggering transposition cascade (budgeted)
2025-07-19 03:23:04.589 | INFO     | info                           |      - 45/45 mutations executed. Tokens remaining: 32.0
2025-07-19 03:23:04.593 | INFO     | info                           |    ‚Ä¢ Applying epigenetic modifications
2025-07-19 03:23:04.610 | INFO     | info                           |      - 13 genes epigenetically modified.
2025-07-19 03:23:04.610 | INFO     | info                           |    ‚Ä¢ Facilitating horizontal gene transfer
2025-07-19 03:23:18.359 | INFO     | info                           |      - 0 successful gene transfers.
2025-07-19 03:23:18.360 | INFO     | info                           | 
üß¨üß¨ Phase 5: Selection and Reproduction (Optimized) üß¨üß¨
2025-07-19 03:23:18.360 | INFO     | info                           |    Selection complete: 44 survivors, 20 to be replaced.
2025-07-19 03:23:18.433 | ERROR    | error                          |    Island 'CONSTRAINED' evolution task failed: DetailedLogger.error() got an unexpected keyword argument 'exc_info'
Traceback (most recent call last):
  File "/mnt/c/Users/wes/desktop/te_ai/scripts/core/clone_operation.py", line 118, in fast_clone
    child = child.to(device)  # <--- THE FIX: move the whole cell to device
            ^^^^^^^^^^^^^^^^
  File "/mnt/c/Users/wes/desktop/new_multi_omics_july10/venv/lib/python3.12/site-packages/torch/nn/modules/module.py", line 1355, in to
    return self._apply(convert)
           ^^^^^^^^^^^^^^^^^^^^
  File "/mnt/c/Users/wes/desktop/new_multi_omics_july10/venv/lib/python3.12/site-packages/torch/nn/modules/module.py", line 915, in _apply
    module._apply(fn)
  File "/mnt/c/Users/wes/desktop/new_multi_omics_july10/venv/lib/python3.12/site-packages/torch/nn/modules/module.py", line 915, in _apply
    module._apply(fn)
  File "/mnt/c/Users/wes/desktop/new_multi_omics_july10/venv/lib/python3.12/site-packages/torch/nn/modules/module.py", line 915, in _apply
    module._apply(fn)
  [Previous line repeated 1 more time]
  File "/mnt/c/Users/wes/desktop/new_multi_omics_july10/venv/lib/python3.12/site-packages/torch/nn/modules/module.py", line 942, in _apply
    param_applied = fn(param)
                    ^^^^^^^^^
  File "/mnt/c/Users/wes/desktop/new_multi_omics_july10/venv/lib/python3.12/site-packages/torch/nn/modules/module.py", line 1341, in convert
    return t.to(
           ^^^^^
torch.OutOfMemoryError: CUDA out of memory. Tried to allocate 18.00 MiB. GPU 0 has a total capacity of 24.00 GiB of which 0 bytes is free. Including non-PyTorch memory, this process has 17179869184.00 GiB memory in use. Including non-PyTorch memory, this process has 17179869184.00 GiB memory in use. 22.80 GiB allowed; Of the allocated memory 21.22 GiB is allocated by PyTorch, and 1.57 GiB is reserved by PyTorch but unallocated. If reserved but unallocated memory is large try setting PYTORCH_CUDA_ALLOC_CONF=expandable_segments:True to avoid fragmentation.  See documentation for Memory Management  (https://pytorch.org/docs/stable/notes/cuda.html#environment-variables)

During handling of the above exception, another exception occurred:

Traceback (most recent call last):
  File "/mnt/c/Users/wes/desktop/te_ai/scripts/core/advanced/archipelago_germinal_center.py", line 143, in evolve_generation
    metrics = future.result()
              ^^^^^^^^^^^^^^^
  File "/root/miniconda3/lib/python3.12/concurrent/futures/_base.py", line 449, in result
    return self.__get_result()
           ^^^^^^^^^^^^^^^^^^^
  File "/root/miniconda3/lib/python3.12/concurrent/futures/_base.py", line 401, in __get_result
    raise self._exception
  File "/root/miniconda3/lib/python3.12/concurrent/futures/thread.py", line 59, in run
    result = self.fn(*self.args, **self.kwargs)
             ^^^^^^^^^^^^^^^^^^^^^^^^^^^^^^^^^^
  File "/mnt/c/Users/wes/desktop/te_ai/scripts/core/advanced/archipelago_germinal_center.py", line 120, in _evolve_island_worker
    return island_gc.evolve_generation(antigen_batch_device, fitness_function)
           ^^^^^^^^^^^^^^^^^^^^^^^^^^^^^^^^^^^^^^^^^^^^^^^^^^^^^^^^^^^^^^^^^^^
  File "/mnt/c/Users/wes/desktop/te_ai/scripts/core/production_germinal_center.py", line 1239, in evolve_generation
    self._selection_and_reproduction_fast(fitness_scores)
  File "/mnt/c/Users/wes/desktop/te_ai/scripts/core/production_germinal_center.py", line 1315, in _selection_and_reproduction_fast
    child = self.clone_pool.fast_clone(parent)
            ^^^^^^^^^^^^^^^^^^^^^^^^^^^^^^^^^^
  File "/mnt/c/Users/wes/desktop/te_ai/scripts/core/clone_operation.py", line 137, in fast_clone
    logger.error(f"Fast clone failed: {e}, using fallback method", exc_info=True)
TypeError: DetailedLogger.error() got an unexpected keyword argument 'exc_info'

2025-07-19 03:23:20.571 | INFO     | info                           |    Evaluated 96 cells using 'calculate_novelty_fitness':
2025-07-19 03:23:20.572 | INFO     | info                           |       ‚Ä¢ Raw Accuracy Metrics: Avg=0.578, Best=0.761
2025-07-19 03:23:20.572 | INFO     | info                           |       ‚Ä¢ Inference Time: Avg=28.83ms, Best=11.56ms
2025-07-19 03:23:20.572 | INFO     | info                           |    üèÜüèÜüèÜüèÜ New Hall of Fame Champion on NOVELTY! Cell a9793037 with fitness 0.9523üèÜüèÜüèÜüèÜ
2025-07-19 03:23:20.573 | INFO     | info                           | 
üìà Phase 2: Metrics and Stress Detection
2025-07-19 03:23:20.616 | INFO     | info                           |    [1müìä Metrics:[0m [36müí™ Fitness: 0.916 ¬± 0.000[0m, [35müåø Diversity: 4.594[0m, [33müß¨ Genes: 132[0m
2025-07-19 03:23:20.617 | INFO     | info                           |    Stress factors: stagnation=N/A, diversity=0.00, variance=0.00, phase=0.00
2025-07-19 03:23:20.617 | INFO     | info                           |    Combined amplified stress: 0.000
2025-07-19 03:23:20.617 | INFO     | info                           | 
üî• DEBUG: Forcing maximum stress at Generation 3.
2025-07-19 03:23:20.617 | INFO     | info                           |    Current stress level: 1.000
2025-07-19 03:23:20.617 | INFO     | info                           | 
üîçüîç  Phase 3: Phase Transition Analysis  üîçüîç
2025-07-19 03:23:20.619 | INFO     | info                           | 
‚ö†Ô∏è‚ö†Ô∏è   Phase 4: High Stress Response (stress=1.000)  ‚ö†Ô∏è ‚ö†Ô∏è 
2025-07-19 03:23:20.619 | INFO     | info                           |    Executing stress response protocols:
2025-07-19 03:23:20.619 | INFO     | info                           |    ‚Ä¢ Triggering transposition cascade (budgeted)
2025-07-19 03:23:25.605 | INFO     | info                           |      - 47/47 mutations executed. Tokens remaining: 28.0
2025-07-19 03:23:25.605 | INFO     | info                           |    ‚Ä¢ Applying epigenetic modifications
2025-07-19 03:23:25.606 | INFO     | info                           |      - 9 genes epigenetically modified.
2025-07-19 03:23:25.607 | INFO     | info                           |    ‚Ä¢ Facilitating horizontal gene transfer
2025-07-19 03:23:37.397 | INFO     | info                           |      - 0 successful gene transfers.
2025-07-19 03:23:37.397 | INFO     | info                           | 
üß¨üß¨ Phase 5: Selection and Reproduction (Optimized) üß¨üß¨
2025-07-19 03:23:37.397 | INFO     | info                           |    Selection complete: 67 survivors, 29 to be replaced.
2025-07-19 03:23:37.440 | ERROR    | error                          |    Island 'NOVELTY' evolution task failed: DetailedLogger.error() got an unexpected keyword argument 'exc_info'
Traceback (most recent call last):
  File "/mnt/c/Users/wes/desktop/te_ai/scripts/core/clone_operation.py", line 118, in fast_clone
    child = child.to(device)  # <--- THE FIX: move the whole cell to device
            ^^^^^^^^^^^^^^^^
  File "/mnt/c/Users/wes/desktop/new_multi_omics_july10/venv/lib/python3.12/site-packages/torch/nn/modules/module.py", line 1355, in to
    return self._apply(convert)
           ^^^^^^^^^^^^^^^^^^^^
  File "/mnt/c/Users/wes/desktop/new_multi_omics_july10/venv/lib/python3.12/site-packages/torch/nn/modules/module.py", line 915, in _apply
    module._apply(fn)
  File "/mnt/c/Users/wes/desktop/new_multi_omics_july10/venv/lib/python3.12/site-packages/torch/nn/modules/module.py", line 915, in _apply
    module._apply(fn)
  File "/mnt/c/Users/wes/desktop/new_multi_omics_july10/venv/lib/python3.12/site-packages/torch/nn/modules/module.py", line 915, in _apply
    module._apply(fn)
  [Previous line repeated 1 more time]
  File "/mnt/c/Users/wes/desktop/new_multi_omics_july10/venv/lib/python3.12/site-packages/torch/nn/modules/module.py", line 942, in _apply
    param_applied = fn(param)
                    ^^^^^^^^^
  File "/mnt/c/Users/wes/desktop/new_multi_omics_july10/venv/lib/python3.12/site-packages/torch/nn/modules/module.py", line 1341, in convert
    return t.to(
           ^^^^^
torch.OutOfMemoryError: CUDA out of memory. Tried to allocate 18.00 MiB. GPU 0 has a total capacity of 24.00 GiB of which 0 bytes is free. Including non-PyTorch memory, this process has 17179869184.00 GiB memory in use. Including non-PyTorch memory, this process has 17179869184.00 GiB memory in use. 22.80 GiB allowed; Of the allocated memory 21.17 GiB is allocated by PyTorch, and 1.62 GiB is reserved by PyTorch but unallocated. If reserved but unallocated memory is large try setting PYTORCH_CUDA_ALLOC_CONF=expandable_segments:True to avoid fragmentation.  See documentation for Memory Management  (https://pytorch.org/docs/stable/notes/cuda.html#environment-variables)

During handling of the above exception, another exception occurred:

Traceback (most recent call last):
  File "/mnt/c/Users/wes/desktop/te_ai/scripts/core/advanced/archipelago_germinal_center.py", line 143, in evolve_generation
    metrics = future.result()
              ^^^^^^^^^^^^^^^
  File "/root/miniconda3/lib/python3.12/concurrent/futures/_base.py", line 449, in result
    return self.__get_result()
           ^^^^^^^^^^^^^^^^^^^
  File "/root/miniconda3/lib/python3.12/concurrent/futures/_base.py", line 401, in __get_result
    raise self._exception
  File "/root/miniconda3/lib/python3.12/concurrent/futures/thread.py", line 59, in run
    result = self.fn(*self.args, **self.kwargs)
             ^^^^^^^^^^^^^^^^^^^^^^^^^^^^^^^^^^
  File "/mnt/c/Users/wes/desktop/te_ai/scripts/core/advanced/archipelago_germinal_center.py", line 120, in _evolve_island_worker
    return island_gc.evolve_generation(antigen_batch_device, fitness_function)
           ^^^^^^^^^^^^^^^^^^^^^^^^^^^^^^^^^^^^^^^^^^^^^^^^^^^^^^^^^^^^^^^^^^^
  File "/mnt/c/Users/wes/desktop/te_ai/scripts/core/production_germinal_center.py", line 1239, in evolve_generation
    self._selection_and_reproduction_fast(fitness_scores)
  File "/mnt/c/Users/wes/desktop/te_ai/scripts/core/production_germinal_center.py", line 1315, in _selection_and_reproduction_fast
    child = self.clone_pool.fast_clone(parent)
            ^^^^^^^^^^^^^^^^^^^^^^^^^^^^^^^^^^
  File "/mnt/c/Users/wes/desktop/te_ai/scripts/core/clone_operation.py", line 137, in fast_clone
    logger.error(f"Fast clone failed: {e}, using fallback method", exc_info=True)
TypeError: DetailedLogger.error() got an unexpected keyword argument 'exc_info'

2025-07-19 03:23:37.440 | INFO     | info                           | 
   All islands have completed Generation 3.
2025-07-19 03:23:37.440 | INFO     | info                           | 
========================= üèÜ ARCHIPELAGO BREEDING SUMMIT at Generation 3 üèÜ =========================
2025-07-19 03:23:37.440 | INFO     | info                           |    New champion added to archive: D-J-S-S-V-V-V
2025-07-19 03:23:37.440 | INFO     | info                           |    Current champion archive size: 1
2025-07-19 03:23:37.441 | INFO     | info                           |    Champion from Island 1: Cell 4c050892 (Fitness: 0.7574) on cuda:0
2025-07-19 03:23:37.441 | INFO     | info                           |    New champion added to archive: D-D-D-J-V-V-V
2025-07-19 03:23:37.441 | INFO     | info                           |    Current champion archive size: 2
2025-07-19 03:23:37.441 | INFO     | info                           |    Champion from Island 2: Cell cc3d3d34 (Fitness: 0.0732) on cuda:0
2025-07-19 03:23:37.441 | INFO     | info                           |    New champion added to archive: D-J-Q-S-S-V-V
2025-07-19 03:23:37.442 | INFO     | info                           |    Current champion archive size: 3
2025-07-19 03:23:37.442 | INFO     | info                           |    Champion from Island 3: Cell a7ccf621 (Fitness: 0.7956) on cuda:0
2025-07-19 03:23:37.442 | INFO     | info                           |    New champion added to archive: D-D-D-J-J-S-S-S-V-V
2025-07-19 03:23:37.442 | INFO     | info                           |    Current champion archive size: 4
2025-07-19 03:23:37.442 | INFO     | info                           |    Champion from Island 4: Cell a9793037 (Fitness: 0.9523) on cuda:0
2025-07-19 03:23:37.442 | INFO     | info                           |    New champion added to archive: D-D-J-Q-S-S-S-V-V-V
2025-07-19 03:23:37.442 | INFO     | info                           |    Current champion archive size: 5
2025-07-19 03:23:37.442 | INFO     | info                           |    Champion from Island 5: Cell f51f57b9 (Fitness: 0.7783) on cuda:1
2025-07-19 03:23:37.442 | INFO     | info                           | Shutting down the Archipelago's thread pool executor...
